{"F:\\AllMyApps\\latest\\node-cqrs\\index.js": {"path":"F:\\AllMyApps\\latest\\node-cqrs\\index.js","statementMap":{"0":{"start":{"line":1,"column":15},"end":{"line":1,"column":38}},"1":{"start":{"line":2,"column":17},"end":{"line":2,"column":42}},"2":{"start":{"line":4,"column":18},"end":{"line":58,"column":4}},"3":{"start":{"line":5,"column":14},"end":{"line":5,"column":16}},"4":{"start":{"line":6,"column":2},"end":{"line":6,"column":19}},"5":{"start":{"line":7,"column":2},"end":{"line":9,"column":3}},"6":{"start":{"line":8,"column":4},"end":{"line":8,"column":25}},"7":{"start":{"line":10,"column":2},"end":{"line":10,"column":23}},"8":{"start":{"line":11,"column":2},"end":{"line":11,"column":19}},"9":{"start":{"line":12,"column":26},"end":{"line":12,"column":58}},"10":{"start":{"line":13,"column":21},"end":{"line":13,"column":48}},"11":{"start":{"line":14,"column":12},"end":{"line":14,"column":41}},"12":{"start":{"line":15,"column":16},"end":{"line":15,"column":36}},"13":{"start":{"line":16,"column":12},"end":{"line":16,"column":21}},"14":{"start":{"line":18,"column":13},"end":{"line":18,"column":28}},"15":{"start":{"line":19,"column":15},"end":{"line":19,"column":31}},"16":{"start":{"line":20,"column":2},"end":{"line":20,"column":71}},"17":{"start":{"line":21,"column":2},"end":{"line":21,"column":32}},"18":{"start":{"line":22,"column":2},"end":{"line":22,"column":26}},"19":{"start":{"line":23,"column":2},"end":{"line":23,"column":57}},"20":{"start":{"line":24,"column":2},"end":{"line":24,"column":26}},"21":{"start":{"line":26,"column":2},"end":{"line":26,"column":42}},"22":{"start":{"line":27,"column":2},"end":{"line":55,"column":4}},"23":{"start":{"line":28,"column":17},"end":{"line":28,"column":42}},"24":{"start":{"line":29,"column":4},"end":{"line":33,"column":5}},"25":{"start":{"line":30,"column":6},"end":{"line":32,"column":7}},"26":{"start":{"line":31,"column":8},"end":{"line":31,"column":89}},"27":{"start":{"line":34,"column":13},"end":{"line":34,"column":15}},"28":{"start":{"line":35,"column":4},"end":{"line":45,"column":5}},"29":{"start":{"line":36,"column":6},"end":{"line":44,"column":7}},"30":{"start":{"line":37,"column":8},"end":{"line":42,"column":9}},"31":{"start":{"line":38,"column":10},"end":{"line":41,"column":11}},"32":{"start":{"line":39,"column":12},"end":{"line":39,"column":53}},"33":{"start":{"line":40,"column":12},"end":{"line":40,"column":39}},"34":{"start":{"line":43,"column":8},"end":{"line":43,"column":15}},"35":{"start":{"line":47,"column":4},"end":{"line":47,"column":98}},"36":{"start":{"line":48,"column":4},"end":{"line":54,"column":12}},"37":{"start":{"line":49,"column":6},"end":{"line":53,"column":7}},"38":{"start":{"line":50,"column":8},"end":{"line":52,"column":9}},"39":{"start":{"line":51,"column":10},"end":{"line":51,"column":39}},"40":{"start":{"line":57,"column":2},"end":{"line":57,"column":14}},"41":{"start":{"line":60,"column":0},"end":{"line":60,"column":28}}},"fnMap":{"0":{"name":"(anonymous_0)","decl":{"start":{"line":4,"column":19},"end":{"line":4,"column":20}},"loc":{"start":{"line":4,"column":31},"end":{"line":58,"column":1}},"line":4},"1":{"name":"(anonymous_1)","decl":{"start":{"line":7,"column":20},"end":{"line":7,"column":21}},"loc":{"start":{"line":7,"column":38},"end":{"line":9,"column":3}},"line":7},"2":{"name":"(anonymous_2)","decl":{"start":{"line":27,"column":18},"end":{"line":27,"column":19}},"loc":{"start":{"line":27,"column":50},"end":{"line":55,"column":3}},"line":27},"3":{"name":"(anonymous_3)","decl":{"start":{"line":48,"column":15},"end":{"line":48,"column":16}},"loc":{"start":{"line":48,"column":21},"end":{"line":54,"column":5}},"line":48}},"branchMap":{"0":{"loc":{"start":{"line":38,"column":10},"end":{"line":41,"column":11}},"type":"if","locations":[{"start":{"line":38,"column":10},"end":{"line":41,"column":11}},{"start":{"line":38,"column":10},"end":{"line":41,"column":11}}],"line":38},"1":{"loc":{"start":{"line":38,"column":14},"end":{"line":38,"column":118}},"type":"binary-expr","locations":[{"start":{"line":38,"column":14},"end":{"line":38,"column":31}},{"start":{"line":38,"column":35},"end":{"line":38,"column":54}},{"start":{"line":38,"column":58},"end":{"line":38,"column":73}},{"start":{"line":38,"column":77},"end":{"line":38,"column":97}},{"start":{"line":38,"column":101},"end":{"line":38,"column":118}}],"line":38}},"s":{"0":5,"1":5,"2":5,"3":5,"4":5,"5":5,"6":4,"7":5,"8":5,"9":5,"10":5,"11":5,"12":5,"13":5,"14":5,"15":5,"16":5,"17":5,"18":5,"19":5,"20":5,"21":5,"22":5,"23":0,"24":0,"25":0,"26":0,"27":0,"28":0,"29":0,"30":0,"31":0,"32":0,"33":0,"34":0,"35":0,"36":0,"37":0,"38":0,"39":0,"40":5,"41":5},"f":{"0":5,"1":4,"2":0,"3":0},"b":{"0":[0,0],"1":[0,0,0,0,0]},"_coverageSchema":"1a1c01bbd47fc00a2c39e90264f33305004495a9","hash":"f4a3ea3dc3fb6e9c159a561d5360f513d3f2ef9b"}
,"F:\\AllMyApps\\latest\\node-cqrs\\__test__\\fixtures\\makeSchema.js": {"path":"F:\\AllMyApps\\latest\\node-cqrs\\__test__\\fixtures\\makeSchema.js","statementMap":{"0":{"start":{"line":1,"column":20},"end":{"line":1,"column":36}},"1":{"start":{"line":2,"column":19},"end":{"line":2,"column":53}},"2":{"start":{"line":3,"column":25},"end":{"line":3,"column":61}},"3":{"start":{"line":4,"column":27},"end":{"line":4,"column":65}},"4":{"start":{"line":5,"column":0},"end":{"line":63,"column":1}},"5":{"start":{"line":6,"column":22},"end":{"line":61,"column":4}},"6":{"start":{"line":29,"column":8},"end":{"line":29,"column":33}},"7":{"start":{"line":30,"column":8},"end":{"line":30,"column":51}},"8":{"start":{"line":31,"column":8},"end":{"line":31,"column":37}},"9":{"start":{"line":32,"column":8},"end":{"line":32,"column":39}},"10":{"start":{"line":33,"column":8},"end":{"line":33,"column":37}},"11":{"start":{"line":36,"column":8},"end":{"line":36,"column":37}},"12":{"start":{"line":39,"column":8},"end":{"line":39,"column":51}},"13":{"start":{"line":42,"column":8},"end":{"line":42,"column":39}},"14":{"start":{"line":45,"column":8},"end":{"line":45,"column":33}},"15":{"start":{"line":62,"column":2},"end":{"line":62,"column":22}}},"fnMap":{"0":{"name":"buildMakeCommand","decl":{"start":{"line":5,"column":26},"end":{"line":5,"column":42}},"loc":{"start":{"line":5,"column":63},"end":{"line":63,"column":1}},"line":5},"1":{"name":"(anonymous_1)","decl":{"start":{"line":28,"column":20},"end":{"line":28,"column":21}},"loc":{"start":{"line":28,"column":50},"end":{"line":34,"column":7}},"line":28},"2":{"name":"(anonymous_2)","decl":{"start":{"line":35,"column":24},"end":{"line":35,"column":25}},"loc":{"start":{"line":35,"column":54},"end":{"line":37,"column":7}},"line":35},"3":{"name":"(anonymous_3)","decl":{"start":{"line":38,"column":31},"end":{"line":38,"column":32}},"loc":{"start":{"line":38,"column":61},"end":{"line":40,"column":7}},"line":38},"4":{"name":"(anonymous_4)","decl":{"start":{"line":41,"column":25},"end":{"line":41,"column":26}},"loc":{"start":{"line":41,"column":55},"end":{"line":43,"column":7}},"line":41},"5":{"name":"(anonymous_5)","decl":{"start":{"line":44,"column":24},"end":{"line":44,"column":25}},"loc":{"start":{"line":44,"column":50},"end":{"line":46,"column":7}},"line":44}},"branchMap":{"0":{"loc":{"start":{"line":5,"column":44},"end":{"line":5,"column":61}},"type":"default-arg","locations":[{"start":{"line":5,"column":59},"end":{"line":5,"column":61}}],"line":5}},"s":{"0":5,"1":5,"2":5,"3":5,"4":5,"5":30,"6":0,"7":0,"8":0,"9":0,"10":0,"11":0,"12":0,"13":0,"14":0,"15":10},"f":{"0":30,"1":0,"2":0,"3":0,"4":0,"5":0},"b":{"0":[8]},"_coverageSchema":"1a1c01bbd47fc00a2c39e90264f33305004495a9","hash":"b5dd7f8d9eb7668984750905f4cca7c3ba78749c"}
,"F:\\AllMyApps\\latest\\node-cqrs\\__test__\\fixtures\\eventstore\\eventStore.js": {"path":"F:\\AllMyApps\\latest\\node-cqrs\\__test__\\fixtures\\eventstore\\eventStore.js","statementMap":{"0":{"start":{"line":2,"column":12},"end":{"line":2,"column":14}},"1":{"start":{"line":3,"column":8},"end":{"line":3,"column":25}},"2":{"start":{"line":4,"column":17},"end":{"line":26,"column":2}},"3":{"start":{"line":6,"column":16},"end":{"line":6,"column":55}},"4":{"start":{"line":6,"column":40},"end":{"line":6,"column":54}},"5":{"start":{"line":7,"column":4},"end":{"line":7,"column":16}},"6":{"start":{"line":10,"column":18},"end":{"line":10,"column":54}},"7":{"start":{"line":10,"column":39},"end":{"line":10,"column":53}},"8":{"start":{"line":11,"column":4},"end":{"line":11,"column":19}},"9":{"start":{"line":12,"column":4},"end":{"line":12,"column":18}},"10":{"start":{"line":15,"column":4},"end":{"line":15,"column":16}},"11":{"start":{"line":18,"column":4},"end":{"line":18,"column":21}},"12":{"start":{"line":20,"column":4},"end":{"line":20,"column":16}},"13":{"start":{"line":23,"column":4},"end":{"line":23,"column":14}},"14":{"start":{"line":28,"column":0},"end":{"line":28,"column":27}}},"fnMap":{"0":{"name":"(anonymous_0)","decl":{"start":{"line":5,"column":7},"end":{"line":5,"column":8}},"loc":{"start":{"line":5,"column":27},"end":{"line":8,"column":3}},"line":5},"1":{"name":"(anonymous_1)","decl":{"start":{"line":6,"column":30},"end":{"line":6,"column":31}},"loc":{"start":{"line":6,"column":40},"end":{"line":6,"column":54}},"line":6},"2":{"name":"(anonymous_2)","decl":{"start":{"line":9,"column":10},"end":{"line":9,"column":11}},"loc":{"start":{"line":9,"column":30},"end":{"line":13,"column":3}},"line":9},"3":{"name":"(anonymous_3)","decl":{"start":{"line":10,"column":31},"end":{"line":10,"column":32}},"loc":{"start":{"line":10,"column":39},"end":{"line":10,"column":53}},"line":10},"4":{"name":"(anonymous_4)","decl":{"start":{"line":14,"column":10},"end":{"line":14,"column":11}},"loc":{"start":{"line":14,"column":28},"end":{"line":16,"column":3}},"line":14},"5":{"name":"(anonymous_5)","decl":{"start":{"line":17,"column":8},"end":{"line":17,"column":9}},"loc":{"start":{"line":17,"column":31},"end":{"line":21,"column":3}},"line":17},"6":{"name":"(anonymous_6)","decl":{"start":{"line":22,"column":9},"end":{"line":22,"column":10}},"loc":{"start":{"line":22,"column":21},"end":{"line":24,"column":3}},"line":22}},"branchMap":{},"s":{"0":5,"1":5,"2":5,"3":4,"4":2,"5":4,"6":1,"7":1,"8":1,"9":1,"10":0,"11":3,"12":3,"13":2,"14":5},"f":{"0":4,"1":2,"2":1,"3":1,"4":0,"5":3,"6":2},"b":{},"_coverageSchema":"1a1c01bbd47fc00a2c39e90264f33305004495a9","hash":"cfa9b250f43dd5b9b058292e6614c857a42cd620"}
,"F:\\AllMyApps\\latest\\node-cqrs\\__test__\\fixtures\\viewss\\ProductDetailsView.js": {"path":"F:\\AllMyApps\\latest\\node-cqrs\\__test__\\fixtures\\viewss\\ProductDetailsView.js","statementMap":{"0":{"start":{"line":2,"column":15},"end":{"line":2,"column":40}},"1":{"start":{"line":3,"column":12},"end":{"line":3,"column":14}},"2":{"start":{"line":5,"column":25},"end":{"line":5,"column":44}},"3":{"start":{"line":7,"column":0},"end":{"line":51,"column":2}},"4":{"start":{"line":9,"column":4},"end":{"line":15,"column":6}},"5":{"start":{"line":16,"column":4},"end":{"line":16,"column":25}},"6":{"start":{"line":19,"column":13},"end":{"line":19,"column":23}},"7":{"start":{"line":20,"column":23},"end":{"line":22,"column":6}},"8":{"start":{"line":21,"column":6},"end":{"line":21,"column":30}},"9":{"start":{"line":23,"column":4},"end":{"line":23,"column":36}},"10":{"start":{"line":24,"column":4},"end":{"line":24,"column":25}},"11":{"start":{"line":27,"column":13},"end":{"line":27,"column":23}},"12":{"start":{"line":28,"column":23},"end":{"line":30,"column":6}},"13":{"start":{"line":29,"column":6},"end":{"line":29,"column":30}},"14":{"start":{"line":31,"column":4},"end":{"line":31,"column":50}},"15":{"start":{"line":32,"column":4},"end":{"line":32,"column":25}},"16":{"start":{"line":35,"column":13},"end":{"line":35,"column":23}},"17":{"start":{"line":36,"column":23},"end":{"line":38,"column":6}},"18":{"start":{"line":37,"column":6},"end":{"line":37,"column":30}},"19":{"start":{"line":39,"column":4},"end":{"line":39,"column":38}},"20":{"start":{"line":40,"column":4},"end":{"line":40,"column":25}},"21":{"start":{"line":43,"column":13},"end":{"line":43,"column":23}},"22":{"start":{"line":44,"column":23},"end":{"line":46,"column":6}},"23":{"start":{"line":45,"column":6},"end":{"line":45,"column":30}},"24":{"start":{"line":47,"column":4},"end":{"line":47,"column":36}},"25":{"start":{"line":48,"column":4},"end":{"line":48,"column":25}},"26":{"start":{"line":53,"column":0},"end":{"line":53,"column":35}}},"fnMap":{"0":{"name":"(anonymous_0)","decl":{"start":{"line":8,"column":16},"end":{"line":8,"column":17}},"loc":{"start":{"line":8,"column":45},"end":{"line":17,"column":3}},"line":8},"1":{"name":"(anonymous_1)","decl":{"start":{"line":18,"column":20},"end":{"line":18,"column":21}},"loc":{"start":{"line":18,"column":49},"end":{"line":25,"column":3}},"line":18},"2":{"name":"(anonymous_2)","decl":{"start":{"line":20,"column":34},"end":{"line":20,"column":35}},"loc":{"start":{"line":20,"column":53},"end":{"line":22,"column":5}},"line":20},"3":{"name":"(anonymous_3)","decl":{"start":{"line":26,"column":27},"end":{"line":26,"column":28}},"loc":{"start":{"line":26,"column":56},"end":{"line":33,"column":3}},"line":26},"4":{"name":"(anonymous_4)","decl":{"start":{"line":28,"column":34},"end":{"line":28,"column":35}},"loc":{"start":{"line":28,"column":53},"end":{"line":30,"column":5}},"line":28},"5":{"name":"(anonymous_5)","decl":{"start":{"line":34,"column":21},"end":{"line":34,"column":22}},"loc":{"start":{"line":34,"column":50},"end":{"line":41,"column":3}},"line":34},"6":{"name":"(anonymous_6)","decl":{"start":{"line":36,"column":34},"end":{"line":36,"column":35}},"loc":{"start":{"line":36,"column":53},"end":{"line":38,"column":5}},"line":36},"7":{"name":"(anonymous_7)","decl":{"start":{"line":42,"column":20},"end":{"line":42,"column":21}},"loc":{"start":{"line":42,"column":49},"end":{"line":49,"column":3}},"line":42},"8":{"name":"(anonymous_8)","decl":{"start":{"line":44,"column":34},"end":{"line":44,"column":35}},"loc":{"start":{"line":44,"column":53},"end":{"line":46,"column":5}},"line":44}},"branchMap":{},"s":{"0":5,"1":5,"2":5,"3":5,"4":0,"5":0,"6":0,"7":0,"8":0,"9":0,"10":0,"11":0,"12":0,"13":0,"14":0,"15":0,"16":0,"17":0,"18":0,"19":0,"20":0,"21":0,"22":0,"23":0,"24":0,"25":0,"26":5},"f":{"0":0,"1":0,"2":0,"3":0,"4":0,"5":0,"6":0,"7":0,"8":0},"b":{},"_coverageSchema":"1a1c01bbd47fc00a2c39e90264f33305004495a9","hash":"43776a8a6e9d56ab17f9e74a952848ddbc89ec66"}
,"F:\\AllMyApps\\latest\\node-cqrs\\__test__\\fixtures\\viewss\\ProductPriceView.js": {"path":"F:\\AllMyApps\\latest\\node-cqrs\\__test__\\fixtures\\viewss\\ProductPriceView.js","statementMap":{"0":{"start":{"line":2,"column":15},"end":{"line":2,"column":40}},"1":{"start":{"line":4,"column":12},"end":{"line":4,"column":14}},"2":{"start":{"line":5,"column":23},"end":{"line":5,"column":42}},"3":{"start":{"line":7,"column":0},"end":{"line":33,"column":2}},"4":{"start":{"line":9,"column":4},"end":{"line":13,"column":6}},"5":{"start":{"line":14,"column":4},"end":{"line":14,"column":25}},"6":{"start":{"line":17,"column":13},"end":{"line":17,"column":23}},"7":{"start":{"line":18,"column":23},"end":{"line":20,"column":6}},"8":{"start":{"line":19,"column":6},"end":{"line":19,"column":30}},"9":{"start":{"line":21,"column":4},"end":{"line":21,"column":36}},"10":{"start":{"line":22,"column":4},"end":{"line":22,"column":25}},"11":{"start":{"line":25,"column":13},"end":{"line":25,"column":23}},"12":{"start":{"line":26,"column":23},"end":{"line":28,"column":6}},"13":{"start":{"line":27,"column":6},"end":{"line":27,"column":30}},"14":{"start":{"line":29,"column":4},"end":{"line":29,"column":38}},"15":{"start":{"line":30,"column":4},"end":{"line":30,"column":25}},"16":{"start":{"line":35,"column":0},"end":{"line":35,"column":33}}},"fnMap":{"0":{"name":"(anonymous_0)","decl":{"start":{"line":8,"column":16},"end":{"line":8,"column":17}},"loc":{"start":{"line":8,"column":45},"end":{"line":15,"column":3}},"line":8},"1":{"name":"(anonymous_1)","decl":{"start":{"line":16,"column":20},"end":{"line":16,"column":21}},"loc":{"start":{"line":16,"column":49},"end":{"line":23,"column":3}},"line":16},"2":{"name":"(anonymous_2)","decl":{"start":{"line":18,"column":34},"end":{"line":18,"column":35}},"loc":{"start":{"line":18,"column":53},"end":{"line":20,"column":5}},"line":18},"3":{"name":"(anonymous_3)","decl":{"start":{"line":24,"column":21},"end":{"line":24,"column":22}},"loc":{"start":{"line":24,"column":50},"end":{"line":31,"column":3}},"line":24},"4":{"name":"(anonymous_4)","decl":{"start":{"line":26,"column":34},"end":{"line":26,"column":35}},"loc":{"start":{"line":26,"column":53},"end":{"line":28,"column":5}},"line":26}},"branchMap":{},"s":{"0":5,"1":5,"2":5,"3":5,"4":0,"5":0,"6":0,"7":0,"8":0,"9":0,"10":0,"11":0,"12":0,"13":0,"14":0,"15":0,"16":5},"f":{"0":0,"1":0,"2":0,"3":0,"4":0},"b":{},"_coverageSchema":"1a1c01bbd47fc00a2c39e90264f33305004495a9","hash":"f95f1ad6598a74ead90b84cded38fa22bb6f2fee"}
,"F:\\AllMyApps\\latest\\node-cqrs\\express\\index.js": {"path":"F:\\AllMyApps\\latest\\node-cqrs\\express\\index.js","statementMap":{"0":{"start":{"line":11,"column":0},"end":{"line":11,"column":42}}},"fnMap":{},"branchMap":{},"s":{"0":5},"f":{},"b":{},"_coverageSchema":"1a1c01bbd47fc00a2c39e90264f33305004495a9","hash":"fb8ceedb3bd506734e09d6b42f22f867c6b6f22e"}
,"F:\\AllMyApps\\latest\\node-cqrs\\express\\lib\\application.js": {"path":"F:\\AllMyApps\\latest\\node-cqrs\\express\\lib\\application.js","statementMap":{"0":{"start":{"line":16,"column":19},"end":{"line":16,"column":42}},"1":{"start":{"line":17,"column":13},"end":{"line":17,"column":32}},"2":{"start":{"line":18,"column":14},"end":{"line":18,"column":32}},"3":{"start":{"line":19,"column":17},"end":{"line":19,"column":45}},"4":{"start":{"line":20,"column":12},"end":{"line":20,"column":41}},"5":{"start":{"line":21,"column":12},"end":{"line":21,"column":51}},"6":{"start":{"line":22,"column":11},"end":{"line":22,"column":28}},"7":{"start":{"line":23,"column":11},"end":{"line":23,"column":26}},"8":{"start":{"line":24,"column":18},"end":{"line":24,"column":48}},"9":{"start":{"line":25,"column":25},"end":{"line":25,"column":62}},"10":{"start":{"line":26,"column":19},"end":{"line":26,"column":50}},"11":{"start":{"line":27,"column":16},"end":{"line":27,"column":42}},"12":{"start":{"line":28,"column":14},"end":{"line":28,"column":38}},"13":{"start":{"line":29,"column":12},"end":{"line":29,"column":34}},"14":{"start":{"line":30,"column":14},"end":{"line":30,"column":37}},"15":{"start":{"line":31,"column":21},"end":{"line":31,"column":46}},"16":{"start":{"line":32,"column":20},"end":{"line":32,"column":37}},"17":{"start":{"line":33,"column":12},"end":{"line":33,"column":33}},"18":{"start":{"line":39,"column":10},"end":{"line":39,"column":39}},"19":{"start":{"line":46,"column":30},"end":{"line":46,"column":60}},"20":{"start":{"line":58,"column":0},"end":{"line":64,"column":1}},"21":{"start":{"line":59,"column":2},"end":{"line":59,"column":17}},"22":{"start":{"line":60,"column":2},"end":{"line":60,"column":19}},"23":{"start":{"line":61,"column":2},"end":{"line":61,"column":20}},"24":{"start":{"line":63,"column":2},"end":{"line":63,"column":29}},"25":{"start":{"line":71,"column":0},"end":{"line":128,"column":1}},"26":{"start":{"line":72,"column":12},"end":{"line":72,"column":49}},"27":{"start":{"line":75,"column":2},"end":{"line":75,"column":29}},"28":{"start":{"line":76,"column":2},"end":{"line":76,"column":26}},"29":{"start":{"line":77,"column":2},"end":{"line":77,"column":22}},"30":{"start":{"line":78,"column":2},"end":{"line":78,"column":38}},"31":{"start":{"line":79,"column":2},"end":{"line":79,"column":33}},"32":{"start":{"line":80,"column":2},"end":{"line":80,"column":32}},"33":{"start":{"line":83,"column":2},"end":{"line":86,"column":4}},"34":{"start":{"line":88,"column":2},"end":{"line":88,"column":34}},"35":{"start":{"line":90,"column":2},"end":{"line":103,"column":4}},"36":{"start":{"line":92,"column":4},"end":{"line":96,"column":5}},"37":{"start":{"line":94,"column":6},"end":{"line":94,"column":41}},"38":{"start":{"line":95,"column":6},"end":{"line":95,"column":44}},"39":{"start":{"line":99,"column":4},"end":{"line":99,"column":48}},"40":{"start":{"line":100,"column":4},"end":{"line":100,"column":50}},"41":{"start":{"line":101,"column":4},"end":{"line":101,"column":48}},"42":{"start":{"line":102,"column":4},"end":{"line":102,"column":50}},"43":{"start":{"line":106,"column":2},"end":{"line":106,"column":35}},"44":{"start":{"line":109,"column":2},"end":{"line":109,"column":22}},"45":{"start":{"line":112,"column":2},"end":{"line":112,"column":38}},"46":{"start":{"line":115,"column":2},"end":{"line":115,"column":24}},"47":{"start":{"line":116,"column":2},"end":{"line":116,"column":37}},"48":{"start":{"line":117,"column":2},"end":{"line":117,"column":45}},"49":{"start":{"line":119,"column":2},"end":{"line":121,"column":3}},"50":{"start":{"line":120,"column":4},"end":{"line":120,"column":29}},"51":{"start":{"line":123,"column":2},"end":{"line":127,"column":4}},"52":{"start":{"line":125,"column":6},"end":{"line":125,"column":136}},"53":{"start":{"line":138,"column":0},"end":{"line":148,"column":1}},"54":{"start":{"line":139,"column":2},"end":{"line":147,"column":3}},"55":{"start":{"line":140,"column":4},"end":{"line":143,"column":6}},"56":{"start":{"line":145,"column":4},"end":{"line":145,"column":56}},"57":{"start":{"line":146,"column":4},"end":{"line":146,"column":43}},"58":{"start":{"line":159,"column":0},"end":{"line":176,"column":1}},"59":{"start":{"line":160,"column":15},"end":{"line":160,"column":27}},"60":{"start":{"line":163,"column":13},"end":{"line":166,"column":4}},"61":{"start":{"line":169,"column":2},"end":{"line":173,"column":3}},"62":{"start":{"line":170,"column":4},"end":{"line":170,"column":37}},"63":{"start":{"line":171,"column":4},"end":{"line":171,"column":10}},"64":{"start":{"line":172,"column":4},"end":{"line":172,"column":10}},"65":{"start":{"line":175,"column":2},"end":{"line":175,"column":31}},"66":{"start":{"line":188,"column":0},"end":{"line":243,"column":1}},"67":{"start":{"line":189,"column":15},"end":{"line":189,"column":16}},"68":{"start":{"line":190,"column":13},"end":{"line":190,"column":16}},"69":{"start":{"line":194,"column":2},"end":{"line":206,"column":3}},"70":{"start":{"line":195,"column":14},"end":{"line":195,"column":16}},"71":{"start":{"line":197,"column":4},"end":{"line":199,"column":5}},"72":{"start":{"line":198,"column":6},"end":{"line":198,"column":18}},"73":{"start":{"line":202,"column":4},"end":{"line":205,"column":5}},"74":{"start":{"line":203,"column":6},"end":{"line":203,"column":16}},"75":{"start":{"line":204,"column":6},"end":{"line":204,"column":15}},"76":{"start":{"line":208,"column":12},"end":{"line":208,"column":50}},"77":{"start":{"line":210,"column":2},"end":{"line":212,"column":3}},"78":{"start":{"line":211,"column":4},"end":{"line":211,"column":67}},"79":{"start":{"line":215,"column":2},"end":{"line":215,"column":19}},"80":{"start":{"line":216,"column":15},"end":{"line":216,"column":27}},"81":{"start":{"line":218,"column":2},"end":{"line":240,"column":10}},"82":{"start":{"line":220,"column":4},"end":{"line":222,"column":5}},"83":{"start":{"line":221,"column":6},"end":{"line":221,"column":33}},"84":{"start":{"line":224,"column":4},"end":{"line":224,"column":36}},"85":{"start":{"line":225,"column":4},"end":{"line":225,"column":23}},"86":{"start":{"line":226,"column":4},"end":{"line":226,"column":20}},"87":{"start":{"line":229,"column":4},"end":{"line":236,"column":6}},"88":{"start":{"line":230,"column":17},"end":{"line":230,"column":24}},"89":{"start":{"line":231,"column":6},"end":{"line":235,"column":8}},"90":{"start":{"line":232,"column":8},"end":{"line":232,"column":41}},"91":{"start":{"line":233,"column":8},"end":{"line":233,"column":42}},"92":{"start":{"line":234,"column":8},"end":{"line":234,"column":17}},"93":{"start":{"line":239,"column":4},"end":{"line":239,"column":26}},"94":{"start":{"line":242,"column":2},"end":{"line":242,"column":13}},"95":{"start":{"line":255,"column":0},"end":{"line":258,"column":1}},"96":{"start":{"line":256,"column":2},"end":{"line":256,"column":19}},"97":{"start":{"line":257,"column":2},"end":{"line":257,"column":33}},"98":{"start":{"line":294,"column":0},"end":{"line":308,"column":1}},"99":{"start":{"line":295,"column":2},"end":{"line":297,"column":3}},"100":{"start":{"line":296,"column":4},"end":{"line":296,"column":49}},"101":{"start":{"line":300,"column":18},"end":{"line":302,"column":9}},"102":{"start":{"line":305,"column":2},"end":{"line":305,"column":30}},"103":{"start":{"line":307,"column":2},"end":{"line":307,"column":13}},"104":{"start":{"line":322,"column":0},"end":{"line":336,"column":1}},"105":{"start":{"line":323,"column":2},"end":{"line":323,"column":19}},"106":{"start":{"line":325,"column":2},"end":{"line":331,"column":3}},"107":{"start":{"line":326,"column":4},"end":{"line":328,"column":5}},"108":{"start":{"line":326,"column":17},"end":{"line":326,"column":18}},"109":{"start":{"line":327,"column":6},"end":{"line":327,"column":29}},"110":{"start":{"line":330,"column":4},"end":{"line":330,"column":15}},"111":{"start":{"line":333,"column":2},"end":{"line":333,"column":30}},"112":{"start":{"line":335,"column":2},"end":{"line":335,"column":13}},"113":{"start":{"line":353,"column":0},"end":{"line":385,"column":1}},"114":{"start":{"line":354,"column":2},"end":{"line":357,"column":3}},"115":{"start":{"line":356,"column":4},"end":{"line":356,"column":33}},"116":{"start":{"line":359,"column":2},"end":{"line":359,"column":39}},"117":{"start":{"line":362,"column":2},"end":{"line":362,"column":30}},"118":{"start":{"line":365,"column":2},"end":{"line":382,"column":3}},"119":{"start":{"line":367,"column":6},"end":{"line":367,"column":43}},"120":{"start":{"line":368,"column":6},"end":{"line":368,"column":11}},"121":{"start":{"line":370,"column":6},"end":{"line":370,"column":58}},"122":{"start":{"line":371,"column":6},"end":{"line":371,"column":11}},"123":{"start":{"line":373,"column":6},"end":{"line":373,"column":51}},"124":{"start":{"line":376,"column":6},"end":{"line":379,"column":8}},"125":{"start":{"line":381,"column":6},"end":{"line":381,"column":11}},"126":{"start":{"line":384,"column":2},"end":{"line":384,"column":13}},"127":{"start":{"line":401,"column":0},"end":{"line":405,"column":1}},"128":{"start":{"line":402,"column":2},"end":{"line":404,"column":8}},"129":{"start":{"line":422,"column":0},"end":{"line":424,"column":1}},"130":{"start":{"line":423,"column":2},"end":{"line":423,"column":35}},"131":{"start":{"line":441,"column":0},"end":{"line":443,"column":1}},"132":{"start":{"line":442,"column":2},"end":{"line":442,"column":27}},"133":{"start":{"line":453,"column":0},"end":{"line":455,"column":1}},"134":{"start":{"line":454,"column":2},"end":{"line":454,"column":32}},"135":{"start":{"line":465,"column":0},"end":{"line":467,"column":1}},"136":{"start":{"line":466,"column":2},"end":{"line":466,"column":33}},"137":{"start":{"line":473,"column":0},"end":{"line":486,"column":2}},"138":{"start":{"line":474,"column":2},"end":{"line":485,"column":3}},"139":{"start":{"line":475,"column":4},"end":{"line":478,"column":5}},"140":{"start":{"line":477,"column":6},"end":{"line":477,"column":27}},"141":{"start":{"line":480,"column":4},"end":{"line":480,"column":21}},"142":{"start":{"line":482,"column":16},"end":{"line":482,"column":40}},"143":{"start":{"line":483,"column":4},"end":{"line":483,"column":56}},"144":{"start":{"line":484,"column":4},"end":{"line":484,"column":15}},"145":{"start":{"line":498,"column":0},"end":{"line":509,"column":1}},"146":{"start":{"line":499,"column":2},"end":{"line":499,"column":19}},"147":{"start":{"line":501,"column":14},"end":{"line":501,"column":38}},"148":{"start":{"line":502,"column":13},"end":{"line":502,"column":37}},"149":{"start":{"line":504,"column":2},"end":{"line":506,"column":3}},"150":{"start":{"line":504,"column":15},"end":{"line":504,"column":16}},"151":{"start":{"line":505,"column":4},"end":{"line":505,"column":40}},"152":{"start":{"line":508,"column":2},"end":{"line":508,"column":13}},"153":{"start":{"line":513,"column":0},"end":{"line":513,"column":75}},"154":{"start":{"line":532,"column":0},"end":{"line":599,"column":1}},"155":{"start":{"line":533,"column":14},"end":{"line":533,"column":24}},"156":{"start":{"line":534,"column":13},"end":{"line":534,"column":21}},"157":{"start":{"line":535,"column":16},"end":{"line":535,"column":28}},"158":{"start":{"line":536,"column":13},"end":{"line":536,"column":20}},"159":{"start":{"line":537,"column":22},"end":{"line":537,"column":24}},"160":{"start":{"line":541,"column":2},"end":{"line":544,"column":3}},"161":{"start":{"line":542,"column":4},"end":{"line":542,"column":18}},"162":{"start":{"line":543,"column":4},"end":{"line":543,"column":13}},"163":{"start":{"line":547,"column":2},"end":{"line":547,"column":35}},"164":{"start":{"line":550,"column":2},"end":{"line":552,"column":3}},"165":{"start":{"line":551,"column":4},"end":{"line":551,"column":38}},"166":{"start":{"line":555,"column":2},"end":{"line":555,"column":28}},"167":{"start":{"line":558,"column":2},"end":{"line":560,"column":3}},"168":{"start":{"line":559,"column":4},"end":{"line":559,"column":52}},"169":{"start":{"line":563,"column":2},"end":{"line":565,"column":3}},"170":{"start":{"line":564,"column":4},"end":{"line":564,"column":22}},"171":{"start":{"line":568,"column":2},"end":{"line":595,"column":3}},"172":{"start":{"line":569,"column":15},"end":{"line":569,"column":31}},"173":{"start":{"line":571,"column":4},"end":{"line":575,"column":6}},"174":{"start":{"line":580,"column":4},"end":{"line":580,"column":47}},"175":{"start":{"line":582,"column":4},"end":{"line":589,"column":5}},"176":{"start":{"line":583,"column":17},"end":{"line":585,"column":41}},"177":{"start":{"line":586,"column":16},"end":{"line":586,"column":82}},"178":{"start":{"line":587,"column":6},"end":{"line":587,"column":21}},"179":{"start":{"line":588,"column":6},"end":{"line":588,"column":22}},"180":{"start":{"line":592,"column":4},"end":{"line":594,"column":5}},"181":{"start":{"line":593,"column":6},"end":{"line":593,"column":24}},"182":{"start":{"line":598,"column":2},"end":{"line":598,"column":38}},"183":{"start":{"line":622,"column":0},"end":{"line":625,"column":1}},"184":{"start":{"line":623,"column":15},"end":{"line":623,"column":38}},"185":{"start":{"line":624,"column":2},"end":{"line":624,"column":47}},"186":{"start":{"line":645,"column":2},"end":{"line":649,"column":3}},"187":{"start":{"line":646,"column":4},"end":{"line":646,"column":34}},"188":{"start":{"line":648,"column":4},"end":{"line":648,"column":17}}},"fnMap":{"0":{"name":"init","decl":{"start":{"line":58,"column":20},"end":{"line":58,"column":24}},"loc":{"start":{"line":58,"column":28},"end":{"line":64,"column":1}},"line":58},"1":{"name":"defaultConfiguration","decl":{"start":{"line":71,"column":36},"end":{"line":71,"column":56}},"loc":{"start":{"line":71,"column":60},"end":{"line":128,"column":1}},"line":71},"2":{"name":"onmount","decl":{"start":{"line":90,"column":28},"end":{"line":90,"column":35}},"loc":{"start":{"line":90,"column":45},"end":{"line":103,"column":3}},"line":90},"3":{"name":"(anonymous_3)","decl":{"start":{"line":124,"column":9},"end":{"line":124,"column":10}},"loc":{"start":{"line":124,"column":21},"end":{"line":126,"column":5}},"line":124},"4":{"name":"lazyrouter","decl":{"start":{"line":138,"column":26},"end":{"line":138,"column":36}},"loc":{"start":{"line":138,"column":40},"end":{"line":148,"column":1}},"line":138},"5":{"name":"handle","decl":{"start":{"line":159,"column":22},"end":{"line":159,"column":28}},"loc":{"start":{"line":159,"column":50},"end":{"line":176,"column":1}},"line":159},"6":{"name":"use","decl":{"start":{"line":188,"column":19},"end":{"line":188,"column":22}},"loc":{"start":{"line":188,"column":28},"end":{"line":243,"column":1}},"line":188},"7":{"name":"(anonymous_7)","decl":{"start":{"line":218,"column":14},"end":{"line":218,"column":15}},"loc":{"start":{"line":218,"column":28},"end":{"line":240,"column":3}},"line":218},"8":{"name":"mounted_app","decl":{"start":{"line":229,"column":30},"end":{"line":229,"column":41}},"loc":{"start":{"line":229,"column":59},"end":{"line":236,"column":5}},"line":229},"9":{"name":"(anonymous_9)","decl":{"start":{"line":231,"column":26},"end":{"line":231,"column":27}},"loc":{"start":{"line":231,"column":41},"end":{"line":235,"column":7}},"line":231},"10":{"name":"route","decl":{"start":{"line":255,"column":21},"end":{"line":255,"column":26}},"loc":{"start":{"line":255,"column":34},"end":{"line":258,"column":1}},"line":255},"11":{"name":"engine","decl":{"start":{"line":294,"column":22},"end":{"line":294,"column":28}},"loc":{"start":{"line":294,"column":39},"end":{"line":308,"column":1}},"line":294},"12":{"name":"param","decl":{"start":{"line":322,"column":21},"end":{"line":322,"column":26}},"loc":{"start":{"line":322,"column":38},"end":{"line":336,"column":1}},"line":322},"13":{"name":"set","decl":{"start":{"line":353,"column":19},"end":{"line":353,"column":22}},"loc":{"start":{"line":353,"column":38},"end":{"line":385,"column":1}},"line":353},"14":{"name":"path","decl":{"start":{"line":401,"column":20},"end":{"line":401,"column":24}},"loc":{"start":{"line":401,"column":28},"end":{"line":405,"column":1}},"line":401},"15":{"name":"enabled","decl":{"start":{"line":422,"column":23},"end":{"line":422,"column":30}},"loc":{"start":{"line":422,"column":41},"end":{"line":424,"column":1}},"line":422},"16":{"name":"disabled","decl":{"start":{"line":441,"column":24},"end":{"line":441,"column":32}},"loc":{"start":{"line":441,"column":43},"end":{"line":443,"column":1}},"line":441},"17":{"name":"enable","decl":{"start":{"line":453,"column":22},"end":{"line":453,"column":28}},"loc":{"start":{"line":453,"column":39},"end":{"line":455,"column":1}},"line":453},"18":{"name":"disable","decl":{"start":{"line":465,"column":23},"end":{"line":465,"column":30}},"loc":{"start":{"line":465,"column":41},"end":{"line":467,"column":1}},"line":465},"19":{"name":"(anonymous_19)","decl":{"start":{"line":473,"column":16},"end":{"line":473,"column":17}},"loc":{"start":{"line":473,"column":34},"end":{"line":486,"column":1}},"line":473},"20":{"name":"(anonymous_20)","decl":{"start":{"line":474,"column":16},"end":{"line":474,"column":17}},"loc":{"start":{"line":474,"column":32},"end":{"line":485,"column":3}},"line":474},"21":{"name":"all","decl":{"start":{"line":498,"column":19},"end":{"line":498,"column":22}},"loc":{"start":{"line":498,"column":30},"end":{"line":509,"column":1}},"line":498},"22":{"name":"render","decl":{"start":{"line":532,"column":22},"end":{"line":532,"column":28}},"loc":{"start":{"line":532,"column":55},"end":{"line":599,"column":1}},"line":532},"23":{"name":"listen","decl":{"start":{"line":622,"column":22},"end":{"line":622,"column":28}},"loc":{"start":{"line":622,"column":32},"end":{"line":625,"column":1}},"line":622},"24":{"name":"logerror","decl":{"start":{"line":634,"column":9},"end":{"line":634,"column":17}},"loc":{"start":{"line":634,"column":24},"end":{"line":637,"column":1}},"line":634},"25":{"name":"tryRender","decl":{"start":{"line":644,"column":9},"end":{"line":644,"column":18}},"loc":{"start":{"line":644,"column":45},"end":{"line":650,"column":1}},"line":644}},"branchMap":{"0":{"loc":{"start":{"line":72,"column":12},"end":{"line":72,"column":49}},"type":"binary-expr","locations":[{"start":{"line":72,"column":12},"end":{"line":72,"column":32}},{"start":{"line":72,"column":36},"end":{"line":72,"column":49}}],"line":72},"1":{"loc":{"start":{"line":92,"column":4},"end":{"line":96,"column":5}},"type":"if","locations":[{"start":{"line":92,"column":4},"end":{"line":96,"column":5}},{"start":{"line":92,"column":4},"end":{"line":96,"column":5}}],"line":92},"2":{"loc":{"start":{"line":92,"column":8},"end":{"line":93,"column":61}},"type":"binary-expr","locations":[{"start":{"line":92,"column":8},"end":{"line":92,"column":55}},{"start":{"line":93,"column":6},"end":{"line":93,"column":61}}],"line":92},"3":{"loc":{"start":{"line":119,"column":2},"end":{"line":121,"column":3}},"type":"if","locations":[{"start":{"line":119,"column":2},"end":{"line":121,"column":3}},{"start":{"line":119,"column":2},"end":{"line":121,"column":3}}],"line":119},"4":{"loc":{"start":{"line":139,"column":2},"end":{"line":147,"column":3}},"type":"if","locations":[{"start":{"line":139,"column":2},"end":{"line":147,"column":3}},{"start":{"line":139,"column":2},"end":{"line":147,"column":3}}],"line":139},"5":{"loc":{"start":{"line":163,"column":13},"end":{"line":166,"column":4}},"type":"binary-expr","locations":[{"start":{"line":163,"column":13},"end":{"line":163,"column":21}},{"start":{"line":163,"column":25},"end":{"line":166,"column":4}}],"line":163},"6":{"loc":{"start":{"line":169,"column":2},"end":{"line":173,"column":3}},"type":"if","locations":[{"start":{"line":169,"column":2},"end":{"line":173,"column":3}},{"start":{"line":169,"column":2},"end":{"line":173,"column":3}}],"line":169},"7":{"loc":{"start":{"line":194,"column":2},"end":{"line":206,"column":3}},"type":"if","locations":[{"start":{"line":194,"column":2},"end":{"line":206,"column":3}},{"start":{"line":194,"column":2},"end":{"line":206,"column":3}}],"line":194},"8":{"loc":{"start":{"line":197,"column":11},"end":{"line":197,"column":49}},"type":"binary-expr","locations":[{"start":{"line":197,"column":11},"end":{"line":197,"column":29}},{"start":{"line":197,"column":33},"end":{"line":197,"column":49}}],"line":197},"9":{"loc":{"start":{"line":202,"column":4},"end":{"line":205,"column":5}},"type":"if","locations":[{"start":{"line":202,"column":4},"end":{"line":205,"column":5}},{"start":{"line":202,"column":4},"end":{"line":205,"column":5}}],"line":202},"10":{"loc":{"start":{"line":210,"column":2},"end":{"line":212,"column":3}},"type":"if","locations":[{"start":{"line":210,"column":2},"end":{"line":212,"column":3}},{"start":{"line":210,"column":2},"end":{"line":212,"column":3}}],"line":210},"11":{"loc":{"start":{"line":220,"column":4},"end":{"line":222,"column":5}},"type":"if","locations":[{"start":{"line":220,"column":4},"end":{"line":222,"column":5}},{"start":{"line":220,"column":4},"end":{"line":222,"column":5}}],"line":220},"12":{"loc":{"start":{"line":220,"column":8},"end":{"line":220,"column":36}},"type":"binary-expr","locations":[{"start":{"line":220,"column":8},"end":{"line":220,"column":11}},{"start":{"line":220,"column":15},"end":{"line":220,"column":25}},{"start":{"line":220,"column":29},"end":{"line":220,"column":36}}],"line":220},"13":{"loc":{"start":{"line":295,"column":2},"end":{"line":297,"column":3}},"type":"if","locations":[{"start":{"line":295,"column":2},"end":{"line":297,"column":3}},{"start":{"line":295,"column":2},"end":{"line":297,"column":3}}],"line":295},"14":{"loc":{"start":{"line":300,"column":18},"end":{"line":302,"column":9}},"type":"cond-expr","locations":[{"start":{"line":301,"column":6},"end":{"line":301,"column":15}},{"start":{"line":302,"column":6},"end":{"line":302,"column":9}}],"line":300},"15":{"loc":{"start":{"line":325,"column":2},"end":{"line":331,"column":3}},"type":"if","locations":[{"start":{"line":325,"column":2},"end":{"line":331,"column":3}},{"start":{"line":325,"column":2},"end":{"line":331,"column":3}}],"line":325},"16":{"loc":{"start":{"line":354,"column":2},"end":{"line":357,"column":3}},"type":"if","locations":[{"start":{"line":354,"column":2},"end":{"line":357,"column":3}},{"start":{"line":354,"column":2},"end":{"line":357,"column":3}}],"line":354},"17":{"loc":{"start":{"line":365,"column":2},"end":{"line":382,"column":3}},"type":"switch","locations":[{"start":{"line":366,"column":4},"end":{"line":368,"column":11}},{"start":{"line":369,"column":4},"end":{"line":371,"column":11}},{"start":{"line":372,"column":4},"end":{"line":381,"column":11}}],"line":365},"18":{"loc":{"start":{"line":402,"column":9},"end":{"line":404,"column":8}},"type":"cond-expr","locations":[{"start":{"line":403,"column":6},"end":{"line":403,"column":41}},{"start":{"line":404,"column":6},"end":{"line":404,"column":8}}],"line":402},"19":{"loc":{"start":{"line":475,"column":4},"end":{"line":478,"column":5}},"type":"if","locations":[{"start":{"line":475,"column":4},"end":{"line":478,"column":5}},{"start":{"line":475,"column":4},"end":{"line":478,"column":5}}],"line":475},"20":{"loc":{"start":{"line":475,"column":8},"end":{"line":475,"column":50}},"type":"binary-expr","locations":[{"start":{"line":475,"column":8},"end":{"line":475,"column":24}},{"start":{"line":475,"column":28},"end":{"line":475,"column":50}}],"line":475},"21":{"loc":{"start":{"line":541,"column":2},"end":{"line":544,"column":3}},"type":"if","locations":[{"start":{"line":541,"column":2},"end":{"line":544,"column":3}},{"start":{"line":541,"column":2},"end":{"line":544,"column":3}}],"line":541},"22":{"loc":{"start":{"line":550,"column":2},"end":{"line":552,"column":3}},"type":"if","locations":[{"start":{"line":550,"column":2},"end":{"line":552,"column":3}},{"start":{"line":550,"column":2},"end":{"line":552,"column":3}}],"line":550},"23":{"loc":{"start":{"line":558,"column":2},"end":{"line":560,"column":3}},"type":"if","locations":[{"start":{"line":558,"column":2},"end":{"line":560,"column":3}},{"start":{"line":558,"column":2},"end":{"line":560,"column":3}}],"line":558},"24":{"loc":{"start":{"line":563,"column":2},"end":{"line":565,"column":3}},"type":"if","locations":[{"start":{"line":563,"column":2},"end":{"line":565,"column":3}},{"start":{"line":563,"column":2},"end":{"line":565,"column":3}}],"line":563},"25":{"loc":{"start":{"line":568,"column":2},"end":{"line":595,"column":3}},"type":"if","locations":[{"start":{"line":568,"column":2},"end":{"line":595,"column":3}},{"start":{"line":568,"column":2},"end":{"line":595,"column":3}}],"line":568},"26":{"loc":{"start":{"line":582,"column":4},"end":{"line":589,"column":5}},"type":"if","locations":[{"start":{"line":582,"column":4},"end":{"line":589,"column":5}},{"start":{"line":582,"column":4},"end":{"line":589,"column":5}}],"line":582},"27":{"loc":{"start":{"line":583,"column":17},"end":{"line":585,"column":41}},"type":"cond-expr","locations":[{"start":{"line":584,"column":10},"end":{"line":584,"column":114}},{"start":{"line":585,"column":10},"end":{"line":585,"column":41}}],"line":583},"28":{"loc":{"start":{"line":583,"column":17},"end":{"line":583,"column":65}},"type":"binary-expr","locations":[{"start":{"line":583,"column":17},"end":{"line":583,"column":41}},{"start":{"line":583,"column":45},"end":{"line":583,"column":65}}],"line":583},"29":{"loc":{"start":{"line":592,"column":4},"end":{"line":594,"column":5}},"type":"if","locations":[{"start":{"line":592,"column":4},"end":{"line":594,"column":5}},{"start":{"line":592,"column":4},"end":{"line":594,"column":5}}],"line":592}},"s":{"0":5,"1":5,"2":5,"3":5,"4":5,"5":5,"6":5,"7":5,"8":5,"9":5,"10":5,"11":5,"12":5,"13":5,"14":5,"15":5,"16":5,"17":5,"18":5,"19":5,"20":5,"21":5,"22":5,"23":5,"24":5,"25":5,"26":5,"27":5,"28":5,"29":5,"30":5,"31":5,"32":5,"33":5,"34":5,"35":5,"36":0,"37":0,"38":0,"39":0,"40":0,"41":0,"42":0,"43":5,"44":5,"45":5,"46":5,"47":5,"48":5,"49":5,"50":0,"51":5,"52":0,"53":5,"54":10,"55":5,"56":5,"57":5,"58":5,"59":0,"60":0,"61":0,"62":0,"63":0,"64":0,"65":0,"66":5,"67":10,"68":10,"69":10,"70":5,"71":5,"72":0,"73":5,"74":5,"75":5,"76":10,"77":10,"78":0,"79":10,"80":10,"81":10,"82":10,"83":10,"84":0,"85":0,"86":0,"87":0,"88":0,"89":0,"90":0,"91":0,"92":0,"93":0,"94":10,"95":5,"96":0,"97":0,"98":5,"99":5,"100":0,"101":5,"102":5,"103":5,"104":5,"105":0,"106":0,"107":0,"108":0,"109":0,"110":0,"111":0,"112":0,"113":5,"114":80,"115":15,"116":65,"117":65,"118":65,"119":5,"120":5,"121":5,"122":5,"123":5,"124":5,"125":5,"126":65,"127":5,"128":0,"129":5,"130":10,"131":5,"132":0,"133":5,"134":5,"135":5,"136":0,"137":5,"138":170,"139":5,"140":5,"141":0,"142":0,"143":0,"144":0,"145":5,"146":0,"147":0,"148":0,"149":0,"150":0,"151":0,"152":0,"153":5,"154":5,"155":0,"156":0,"157":0,"158":0,"159":0,"160":0,"161":0,"162":0,"163":0,"164":0,"165":0,"166":0,"167":0,"168":0,"169":0,"170":0,"171":0,"172":0,"173":0,"174":0,"175":0,"176":0,"177":0,"178":0,"179":0,"180":0,"181":0,"182":0,"183":5,"184":0,"185":0,"186":0,"187":0,"188":0},"f":{"0":5,"1":5,"2":0,"3":0,"4":10,"5":0,"6":10,"7":10,"8":0,"9":0,"10":0,"11":5,"12":0,"13":80,"14":0,"15":10,"16":0,"17":5,"18":0,"19":170,"20":5,"21":0,"22":0,"23":0,"24":0,"25":0},"b":{"0":[5,0],"1":[0,0],"2":[0,0],"3":[0,5],"4":[5,5],"5":[0,0],"6":[0,0],"7":[5,5],"8":[5,0],"9":[5,0],"10":[0,10],"11":[10,0],"12":[10,10,5],"13":[0,5],"14":[0,5],"15":[0,0],"16":[15,65],"17":[5,5,5],"18":[0,0],"19":[5,0],"20":[5,5],"21":[0,0],"22":[0,0],"23":[0,0],"24":[0,0],"25":[0,0],"26":[0,0],"27":[0,0],"28":[0,0],"29":[0,0]},"_coverageSchema":"1a1c01bbd47fc00a2c39e90264f33305004495a9","hash":"6aa581fa417d21c25cd28548b5ab2996690659a3"}
,"F:\\AllMyApps\\latest\\node-cqrs\\express\\lib\\express.js": {"path":"F:\\AllMyApps\\latest\\node-cqrs\\express\\lib\\express.js","statementMap":{"0":{"start":{"line":15,"column":17},"end":{"line":15,"column":39}},"1":{"start":{"line":16,"column":19},"end":{"line":16,"column":49}},"2":{"start":{"line":17,"column":12},"end":{"line":17,"column":40}},"3":{"start":{"line":18,"column":12},"end":{"line":18,"column":36}},"4":{"start":{"line":19,"column":12},"end":{"line":19,"column":37}},"5":{"start":{"line":20,"column":13},"end":{"line":20,"column":32}},"6":{"start":{"line":21,"column":10},"end":{"line":21,"column":30}},"7":{"start":{"line":22,"column":10},"end":{"line":22,"column":31}},"8":{"start":{"line":28,"column":0},"end":{"line":28,"column":45}},"9":{"start":{"line":38,"column":12},"end":{"line":40,"column":3}},"10":{"start":{"line":39,"column":4},"end":{"line":39,"column":31}},"11":{"start":{"line":42,"column":2},"end":{"line":42,"column":44}},"12":{"start":{"line":43,"column":2},"end":{"line":43,"column":27}},"13":{"start":{"line":46,"column":2},"end":{"line":48,"column":4}},"14":{"start":{"line":51,"column":2},"end":{"line":53,"column":4}},"15":{"start":{"line":55,"column":2},"end":{"line":55,"column":13}},"16":{"start":{"line":56,"column":2},"end":{"line":56,"column":13}},"17":{"start":{"line":63,"column":0},"end":{"line":63,"column":28}},"18":{"start":{"line":64,"column":0},"end":{"line":64,"column":22}},"19":{"start":{"line":65,"column":0},"end":{"line":65,"column":23}},"20":{"start":{"line":71,"column":0},"end":{"line":71,"column":22}},"21":{"start":{"line":72,"column":0},"end":{"line":72,"column":24}},"22":{"start":{"line":78,"column":0},"end":{"line":78,"column":30}},"23":{"start":{"line":79,"column":0},"end":{"line":79,"column":46}},"24":{"start":{"line":80,"column":0},"end":{"line":80,"column":28}},"25":{"start":{"line":81,"column":0},"end":{"line":81,"column":41}},"26":{"start":{"line":82,"column":0},"end":{"line":82,"column":30}},"27":{"start":{"line":83,"column":0},"end":{"line":83,"column":42}},"28":{"start":{"line":89,"column":25},"end":{"line":107,"column":1}},"29":{"start":{"line":109,"column":0},"end":{"line":116,"column":3}},"30":{"start":{"line":110,"column":2},"end":{"line":115,"column":5}},"31":{"start":{"line":112,"column":6},"end":{"line":112,"column":190}}},"fnMap":{"0":{"name":"createApplication","decl":{"start":{"line":37,"column":9},"end":{"line":37,"column":26}},"loc":{"start":{"line":37,"column":29},"end":{"line":57,"column":1}},"line":37},"1":{"name":"(anonymous_1)","decl":{"start":{"line":38,"column":12},"end":{"line":38,"column":13}},"loc":{"start":{"line":38,"column":37},"end":{"line":40,"column":3}},"line":38},"2":{"name":"(anonymous_2)","decl":{"start":{"line":109,"column":27},"end":{"line":109,"column":28}},"loc":{"start":{"line":109,"column":43},"end":{"line":116,"column":1}},"line":109},"3":{"name":"(anonymous_3)","decl":{"start":{"line":111,"column":9},"end":{"line":111,"column":10}},"loc":{"start":{"line":111,"column":21},"end":{"line":113,"column":5}},"line":111}},"branchMap":{},"s":{"0":5,"1":5,"2":5,"3":5,"4":5,"5":5,"6":5,"7":5,"8":5,"9":5,"10":0,"11":5,"12":5,"13":5,"14":5,"15":5,"16":5,"17":5,"18":5,"19":5,"20":5,"21":5,"22":5,"23":5,"24":5,"25":5,"26":5,"27":5,"28":5,"29":5,"30":85,"31":0},"f":{"0":5,"1":0,"2":85,"3":0},"b":{},"_coverageSchema":"1a1c01bbd47fc00a2c39e90264f33305004495a9","hash":"085f327bf9f75f7f3a8aa2d4aed3a6f0b834514f"}
,"F:\\AllMyApps\\latest\\node-cqrs\\express\\lib\\request.js": {"path":"F:\\AllMyApps\\latest\\node-cqrs\\express\\lib\\request.js","statementMap":{"0":{"start":{"line":16,"column":14},"end":{"line":16,"column":32}},"1":{"start":{"line":17,"column":16},"end":{"line":17,"column":42}},"2":{"start":{"line":18,"column":11},"end":{"line":18,"column":30}},"3":{"start":{"line":19,"column":13},"end":{"line":19,"column":31}},"4":{"start":{"line":20,"column":11},"end":{"line":20,"column":26}},"5":{"start":{"line":21,"column":12},"end":{"line":21,"column":28}},"6":{"start":{"line":22,"column":17},"end":{"line":22,"column":40}},"7":{"start":{"line":23,"column":12},"end":{"line":23,"column":31}},"8":{"start":{"line":24,"column":16},"end":{"line":24,"column":37}},"9":{"start":{"line":31,"column":10},"end":{"line":31,"column":55}},"10":{"start":{"line":38,"column":0},"end":{"line":38,"column":20}},"11":{"start":{"line":64,"column":0},"end":{"line":84,"column":2}},"12":{"start":{"line":66,"column":2},"end":{"line":68,"column":3}},"13":{"start":{"line":67,"column":4},"end":{"line":67,"column":64}},"14":{"start":{"line":70,"column":2},"end":{"line":72,"column":3}},"15":{"start":{"line":71,"column":4},"end":{"line":71,"column":60}},"16":{"start":{"line":74,"column":11},"end":{"line":74,"column":29}},"17":{"start":{"line":76,"column":2},"end":{"line":83,"column":3}},"18":{"start":{"line":79,"column":6},"end":{"line":80,"column":32}},"19":{"start":{"line":82,"column":6},"end":{"line":82,"column":30}},"20":{"start":{"line":132,"column":0},"end":{"line":135,"column":2}},"21":{"start":{"line":133,"column":15},"end":{"line":133,"column":28}},"22":{"start":{"line":134,"column":2},"end":{"line":134,"column":47}},"23":{"start":{"line":145,"column":0},"end":{"line":148,"column":2}},"24":{"start":{"line":146,"column":15},"end":{"line":146,"column":28}},"25":{"start":{"line":147,"column":2},"end":{"line":147,"column":51}},"26":{"start":{"line":150,"column":0},"end":{"line":151,"column":55}},"27":{"start":{"line":162,"column":0},"end":{"line":165,"column":2}},"28":{"start":{"line":163,"column":15},"end":{"line":163,"column":28}},"29":{"start":{"line":164,"column":2},"end":{"line":164,"column":50}},"30":{"start":{"line":167,"column":0},"end":{"line":168,"column":53}},"31":{"start":{"line":179,"column":0},"end":{"line":182,"column":2}},"32":{"start":{"line":180,"column":15},"end":{"line":180,"column":28}},"33":{"start":{"line":181,"column":2},"end":{"line":181,"column":51}},"34":{"start":{"line":184,"column":0},"end":{"line":185,"column":55}},"35":{"start":{"line":212,"column":0},"end":{"line":216,"column":2}},"36":{"start":{"line":213,"column":14},"end":{"line":213,"column":31}},"37":{"start":{"line":214,"column":2},"end":{"line":214,"column":21}},"38":{"start":{"line":214,"column":14},"end":{"line":214,"column":21}},"39":{"start":{"line":215,"column":2},"end":{"line":215,"column":42}},"40":{"start":{"line":235,"column":0},"end":{"line":250,"column":2}},"41":{"start":{"line":236,"column":15},"end":{"line":236,"column":32}},"42":{"start":{"line":237,"column":13},"end":{"line":237,"column":28}},"43":{"start":{"line":238,"column":14},"end":{"line":238,"column":30}},"44":{"start":{"line":240,"column":13},"end":{"line":242,"column":21}},"45":{"start":{"line":243,"column":2},"end":{"line":243,"column":87}},"46":{"start":{"line":245,"column":2},"end":{"line":245,"column":79}},"47":{"start":{"line":245,"column":59},"end":{"line":245,"column":79}},"48":{"start":{"line":246,"column":2},"end":{"line":246,"column":44}},"49":{"start":{"line":246,"column":26},"end":{"line":246,"column":44}},"50":{"start":{"line":247,"column":2},"end":{"line":247,"column":46}},"51":{"start":{"line":247,"column":27},"end":{"line":247,"column":46}},"52":{"start":{"line":249,"column":2},"end":{"line":249,"column":22}},"53":{"start":{"line":278,"column":0},"end":{"line":290,"column":2}},"54":{"start":{"line":279,"column":12},"end":{"line":279,"column":17}},"55":{"start":{"line":282,"column":2},"end":{"line":287,"column":3}},"56":{"start":{"line":283,"column":4},"end":{"line":283,"column":38}},"57":{"start":{"line":284,"column":4},"end":{"line":286,"column":5}},"58":{"start":{"line":284,"column":17},"end":{"line":284,"column":18}},"59":{"start":{"line":285,"column":6},"end":{"line":285,"column":28}},"60":{"start":{"line":289,"column":2},"end":{"line":289,"column":27}},"61":{"start":{"line":306,"column":0},"end":{"line":324,"column":3}},"62":{"start":{"line":307,"column":14},"end":{"line":309,"column":12}},"63":{"start":{"line":310,"column":14},"end":{"line":310,"column":44}},"64":{"start":{"line":312,"column":2},"end":{"line":314,"column":3}},"65":{"start":{"line":313,"column":4},"end":{"line":313,"column":17}},"66":{"start":{"line":318,"column":15},"end":{"line":318,"column":53}},"67":{"start":{"line":319,"column":14},"end":{"line":319,"column":33}},"68":{"start":{"line":321,"column":2},"end":{"line":323,"column":19}},"69":{"start":{"line":335,"column":0},"end":{"line":337,"column":3}},"70":{"start":{"line":336,"column":2},"end":{"line":336,"column":35}},"71":{"start":{"line":349,"column":0},"end":{"line":352,"column":3}},"72":{"start":{"line":350,"column":14},"end":{"line":350,"column":44}},"73":{"start":{"line":351,"column":2},"end":{"line":351,"column":32}},"74":{"start":{"line":366,"column":0},"end":{"line":375,"column":3}},"75":{"start":{"line":367,"column":14},"end":{"line":367,"column":44}},"76":{"start":{"line":368,"column":14},"end":{"line":368,"column":40}},"77":{"start":{"line":372,"column":2},"end":{"line":372,"column":23}},"78":{"start":{"line":374,"column":2},"end":{"line":374,"column":14}},"79":{"start":{"line":392,"column":0},"end":{"line":403,"column":3}},"80":{"start":{"line":393,"column":17},"end":{"line":393,"column":30}},"81":{"start":{"line":395,"column":2},"end":{"line":395,"column":27}},"82":{"start":{"line":395,"column":17},"end":{"line":395,"column":27}},"83":{"start":{"line":397,"column":15},"end":{"line":397,"column":47}},"84":{"start":{"line":398,"column":19},"end":{"line":400,"column":16}},"85":{"start":{"line":402,"column":2},"end":{"line":402,"column":34}},"86":{"start":{"line":412,"column":0},"end":{"line":414,"column":3}},"87":{"start":{"line":413,"column":2},"end":{"line":413,"column":30}},"88":{"start":{"line":427,"column":0},"end":{"line":450,"column":3}},"89":{"start":{"line":428,"column":14},"end":{"line":428,"column":44}},"90":{"start":{"line":429,"column":13},"end":{"line":429,"column":41}},"91":{"start":{"line":431,"column":2},"end":{"line":437,"column":3}},"92":{"start":{"line":432,"column":4},"end":{"line":432,"column":28}},"93":{"start":{"line":433,"column":9},"end":{"line":437,"column":3}},"94":{"start":{"line":436,"column":4},"end":{"line":436,"column":59}},"95":{"start":{"line":439,"column":2},"end":{"line":439,"column":20}},"96":{"start":{"line":439,"column":13},"end":{"line":439,"column":20}},"97":{"start":{"line":442,"column":15},"end":{"line":444,"column":7}},"98":{"start":{"line":445,"column":14},"end":{"line":445,"column":39}},"99":{"start":{"line":447,"column":2},"end":{"line":449,"column":11}},"100":{"start":{"line":454,"column":0},"end":{"line":456,"column":42}},"101":{"start":{"line":455,"column":2},"end":{"line":455,"column":23}},"102":{"start":{"line":467,"column":0},"end":{"line":484,"column":3}},"103":{"start":{"line":468,"column":15},"end":{"line":468,"column":26}},"104":{"start":{"line":469,"column":12},"end":{"line":469,"column":20}},"105":{"start":{"line":470,"column":15},"end":{"line":470,"column":29}},"106":{"start":{"line":473,"column":2},"end":{"line":473,"column":58}},"107":{"start":{"line":473,"column":45},"end":{"line":473,"column":58}},"108":{"start":{"line":476,"column":2},"end":{"line":481,"column":3}},"109":{"start":{"line":477,"column":4},"end":{"line":480,"column":6}},"110":{"start":{"line":483,"column":2},"end":{"line":483,"column":15}},"111":{"start":{"line":495,"column":0},"end":{"line":497,"column":3}},"112":{"start":{"line":496,"column":2},"end":{"line":496,"column":21}},"113":{"start":{"line":506,"column":0},"end":{"line":509,"column":3}},"114":{"start":{"line":507,"column":12},"end":{"line":507,"column":46}},"115":{"start":{"line":508,"column":2},"end":{"line":508,"column":48}},"116":{"start":{"line":520,"column":2},"end":{"line":524,"column":5}}},"fnMap":{"0":{"name":"header","decl":{"start":{"line":65,"column":22},"end":{"line":65,"column":28}},"loc":{"start":{"line":65,"column":35},"end":{"line":84,"column":1}},"line":65},"1":{"name":"(anonymous_1)","decl":{"start":{"line":132,"column":14},"end":{"line":132,"column":15}},"loc":{"start":{"line":132,"column":24},"end":{"line":135,"column":1}},"line":132},"2":{"name":"(anonymous_2)","decl":{"start":{"line":145,"column":23},"end":{"line":145,"column":24}},"loc":{"start":{"line":145,"column":33},"end":{"line":148,"column":1}},"line":145},"3":{"name":"(anonymous_3)","decl":{"start":{"line":162,"column":22},"end":{"line":162,"column":23}},"loc":{"start":{"line":162,"column":32},"end":{"line":165,"column":1}},"line":162},"4":{"name":"(anonymous_4)","decl":{"start":{"line":179,"column":23},"end":{"line":179,"column":24}},"loc":{"start":{"line":179,"column":33},"end":{"line":182,"column":1}},"line":179},"5":{"name":"range","decl":{"start":{"line":212,"column":21},"end":{"line":212,"column":26}},"loc":{"start":{"line":212,"column":42},"end":{"line":216,"column":1}},"line":212},"6":{"name":"param","decl":{"start":{"line":235,"column":21},"end":{"line":235,"column":26}},"loc":{"start":{"line":235,"column":47},"end":{"line":250,"column":1}},"line":235},"7":{"name":"is","decl":{"start":{"line":278,"column":18},"end":{"line":278,"column":20}},"loc":{"start":{"line":278,"column":28},"end":{"line":290,"column":1}},"line":278},"8":{"name":"protocol","decl":{"start":{"line":306,"column":39},"end":{"line":306,"column":47}},"loc":{"start":{"line":306,"column":49},"end":{"line":324,"column":1}},"line":306},"9":{"name":"secure","decl":{"start":{"line":335,"column":37},"end":{"line":335,"column":43}},"loc":{"start":{"line":335,"column":45},"end":{"line":337,"column":1}},"line":335},"10":{"name":"ip","decl":{"start":{"line":349,"column":33},"end":{"line":349,"column":35}},"loc":{"start":{"line":349,"column":37},"end":{"line":352,"column":1}},"line":349},"11":{"name":"ips","decl":{"start":{"line":366,"column":34},"end":{"line":366,"column":37}},"loc":{"start":{"line":366,"column":40},"end":{"line":375,"column":1}},"line":366},"12":{"name":"subdomains","decl":{"start":{"line":392,"column":41},"end":{"line":392,"column":51}},"loc":{"start":{"line":392,"column":54},"end":{"line":403,"column":1}},"line":392},"13":{"name":"path","decl":{"start":{"line":412,"column":35},"end":{"line":412,"column":39}},"loc":{"start":{"line":412,"column":42},"end":{"line":414,"column":1}},"line":412},"14":{"name":"hostname","decl":{"start":{"line":427,"column":39},"end":{"line":427,"column":47}},"loc":{"start":{"line":427,"column":49},"end":{"line":450,"column":1}},"line":427},"15":{"name":"host","decl":{"start":{"line":454,"column":54},"end":{"line":454,"column":58}},"loc":{"start":{"line":454,"column":60},"end":{"line":456,"column":1}},"line":454},"16":{"name":"(anonymous_16)","decl":{"start":{"line":467,"column":27},"end":{"line":467,"column":28}},"loc":{"start":{"line":467,"column":37},"end":{"line":484,"column":1}},"line":467},"17":{"name":"stale","decl":{"start":{"line":495,"column":36},"end":{"line":495,"column":41}},"loc":{"start":{"line":495,"column":43},"end":{"line":497,"column":1}},"line":495},"18":{"name":"xhr","decl":{"start":{"line":506,"column":34},"end":{"line":506,"column":37}},"loc":{"start":{"line":506,"column":39},"end":{"line":509,"column":1}},"line":506},"19":{"name":"defineGetter","decl":{"start":{"line":519,"column":9},"end":{"line":519,"column":21}},"loc":{"start":{"line":519,"column":41},"end":{"line":525,"column":1}},"line":519}},"branchMap":{"0":{"loc":{"start":{"line":66,"column":2},"end":{"line":68,"column":3}},"type":"if","locations":[{"start":{"line":66,"column":2},"end":{"line":68,"column":3}},{"start":{"line":66,"column":2},"end":{"line":68,"column":3}}],"line":66},"1":{"loc":{"start":{"line":70,"column":2},"end":{"line":72,"column":3}},"type":"if","locations":[{"start":{"line":70,"column":2},"end":{"line":72,"column":3}},{"start":{"line":70,"column":2},"end":{"line":72,"column":3}}],"line":70},"2":{"loc":{"start":{"line":76,"column":2},"end":{"line":83,"column":3}},"type":"switch","locations":[{"start":{"line":77,"column":4},"end":{"line":77,"column":19}},{"start":{"line":78,"column":4},"end":{"line":80,"column":32}},{"start":{"line":81,"column":4},"end":{"line":82,"column":30}}],"line":76},"3":{"loc":{"start":{"line":79,"column":13},"end":{"line":80,"column":31}},"type":"binary-expr","locations":[{"start":{"line":79,"column":13},"end":{"line":79,"column":34}},{"start":{"line":80,"column":11},"end":{"line":80,"column":31}}],"line":79},"4":{"loc":{"start":{"line":214,"column":2},"end":{"line":214,"column":21}},"type":"if","locations":[{"start":{"line":214,"column":2},"end":{"line":214,"column":21}},{"start":{"line":214,"column":2},"end":{"line":214,"column":21}}],"line":214},"5":{"loc":{"start":{"line":236,"column":15},"end":{"line":236,"column":32}},"type":"binary-expr","locations":[{"start":{"line":236,"column":15},"end":{"line":236,"column":26}},{"start":{"line":236,"column":30},"end":{"line":236,"column":32}}],"line":236},"6":{"loc":{"start":{"line":237,"column":13},"end":{"line":237,"column":28}},"type":"binary-expr","locations":[{"start":{"line":237,"column":13},"end":{"line":237,"column":22}},{"start":{"line":237,"column":26},"end":{"line":237,"column":28}}],"line":237},"7":{"loc":{"start":{"line":238,"column":14},"end":{"line":238,"column":30}},"type":"binary-expr","locations":[{"start":{"line":238,"column":14},"end":{"line":238,"column":24}},{"start":{"line":238,"column":28},"end":{"line":238,"column":30}}],"line":238},"8":{"loc":{"start":{"line":240,"column":13},"end":{"line":242,"column":21}},"type":"cond-expr","locations":[{"start":{"line":241,"column":6},"end":{"line":241,"column":12}},{"start":{"line":242,"column":6},"end":{"line":242,"column":21}}],"line":240},"9":{"loc":{"start":{"line":245,"column":2},"end":{"line":245,"column":79}},"type":"if","locations":[{"start":{"line":245,"column":2},"end":{"line":245,"column":79}},{"start":{"line":245,"column":2},"end":{"line":245,"column":79}}],"line":245},"10":{"loc":{"start":{"line":245,"column":6},"end":{"line":245,"column":57}},"type":"binary-expr","locations":[{"start":{"line":245,"column":6},"end":{"line":245,"column":26}},{"start":{"line":245,"column":30},"end":{"line":245,"column":57}}],"line":245},"11":{"loc":{"start":{"line":246,"column":2},"end":{"line":246,"column":44}},"type":"if","locations":[{"start":{"line":246,"column":2},"end":{"line":246,"column":44}},{"start":{"line":246,"column":2},"end":{"line":246,"column":44}}],"line":246},"12":{"loc":{"start":{"line":247,"column":2},"end":{"line":247,"column":46}},"type":"if","locations":[{"start":{"line":247,"column":2},"end":{"line":247,"column":46}},{"start":{"line":247,"column":2},"end":{"line":247,"column":46}}],"line":247},"13":{"loc":{"start":{"line":282,"column":2},"end":{"line":287,"column":3}},"type":"if","locations":[{"start":{"line":282,"column":2},"end":{"line":287,"column":3}},{"start":{"line":282,"column":2},"end":{"line":287,"column":3}}],"line":282},"14":{"loc":{"start":{"line":307,"column":14},"end":{"line":309,"column":12}},"type":"cond-expr","locations":[{"start":{"line":308,"column":6},"end":{"line":308,"column":13}},{"start":{"line":309,"column":6},"end":{"line":309,"column":12}}],"line":307},"15":{"loc":{"start":{"line":312,"column":2},"end":{"line":314,"column":3}},"type":"if","locations":[{"start":{"line":312,"column":2},"end":{"line":314,"column":3}},{"start":{"line":312,"column":2},"end":{"line":314,"column":3}}],"line":312},"16":{"loc":{"start":{"line":318,"column":15},"end":{"line":318,"column":53}},"type":"binary-expr","locations":[{"start":{"line":318,"column":15},"end":{"line":318,"column":44}},{"start":{"line":318,"column":48},"end":{"line":318,"column":53}}],"line":318},"17":{"loc":{"start":{"line":321,"column":9},"end":{"line":323,"column":19}},"type":"cond-expr","locations":[{"start":{"line":322,"column":6},"end":{"line":322,"column":39}},{"start":{"line":323,"column":6},"end":{"line":323,"column":19}}],"line":321},"18":{"loc":{"start":{"line":395,"column":2},"end":{"line":395,"column":27}},"type":"if","locations":[{"start":{"line":395,"column":2},"end":{"line":395,"column":27}},{"start":{"line":395,"column":2},"end":{"line":395,"column":27}}],"line":395},"19":{"loc":{"start":{"line":398,"column":19},"end":{"line":400,"column":16}},"type":"cond-expr","locations":[{"start":{"line":399,"column":6},"end":{"line":399,"column":35}},{"start":{"line":400,"column":6},"end":{"line":400,"column":16}}],"line":398},"20":{"loc":{"start":{"line":431,"column":2},"end":{"line":437,"column":3}},"type":"if","locations":[{"start":{"line":431,"column":2},"end":{"line":437,"column":3}},{"start":{"line":431,"column":2},"end":{"line":437,"column":3}}],"line":431},"21":{"loc":{"start":{"line":431,"column":6},"end":{"line":431,"column":55}},"type":"binary-expr","locations":[{"start":{"line":431,"column":6},"end":{"line":431,"column":11}},{"start":{"line":431,"column":15},"end":{"line":431,"column":55}}],"line":431},"22":{"loc":{"start":{"line":433,"column":9},"end":{"line":437,"column":3}},"type":"if","locations":[{"start":{"line":433,"column":9},"end":{"line":437,"column":3}},{"start":{"line":433,"column":9},"end":{"line":437,"column":3}}],"line":433},"23":{"loc":{"start":{"line":439,"column":2},"end":{"line":439,"column":20}},"type":"if","locations":[{"start":{"line":439,"column":2},"end":{"line":439,"column":20}},{"start":{"line":439,"column":2},"end":{"line":439,"column":20}}],"line":439},"24":{"loc":{"start":{"line":442,"column":15},"end":{"line":444,"column":7}},"type":"cond-expr","locations":[{"start":{"line":443,"column":6},"end":{"line":443,"column":27}},{"start":{"line":444,"column":6},"end":{"line":444,"column":7}}],"line":442},"25":{"loc":{"start":{"line":447,"column":9},"end":{"line":449,"column":10}},"type":"cond-expr","locations":[{"start":{"line":448,"column":6},"end":{"line":448,"column":30}},{"start":{"line":449,"column":6},"end":{"line":449,"column":10}}],"line":447},"26":{"loc":{"start":{"line":473,"column":2},"end":{"line":473,"column":58}},"type":"if","locations":[{"start":{"line":473,"column":2},"end":{"line":473,"column":58}},{"start":{"line":473,"column":2},"end":{"line":473,"column":58}}],"line":473},"27":{"loc":{"start":{"line":473,"column":6},"end":{"line":473,"column":43}},"type":"binary-expr","locations":[{"start":{"line":473,"column":6},"end":{"line":473,"column":22}},{"start":{"line":473,"column":26},"end":{"line":473,"column":43}}],"line":473},"28":{"loc":{"start":{"line":476,"column":2},"end":{"line":481,"column":3}},"type":"if","locations":[{"start":{"line":476,"column":2},"end":{"line":481,"column":3}},{"start":{"line":476,"column":2},"end":{"line":481,"column":3}}],"line":476},"29":{"loc":{"start":{"line":476,"column":6},"end":{"line":476,"column":55}},"type":"binary-expr","locations":[{"start":{"line":476,"column":7},"end":{"line":476,"column":20}},{"start":{"line":476,"column":24},"end":{"line":476,"column":36}},{"start":{"line":476,"column":41},"end":{"line":476,"column":55}}],"line":476},"30":{"loc":{"start":{"line":507,"column":12},"end":{"line":507,"column":46}},"type":"binary-expr","locations":[{"start":{"line":507,"column":12},"end":{"line":507,"column":40}},{"start":{"line":507,"column":44},"end":{"line":507,"column":46}}],"line":507}},"s":{"0":5,"1":5,"2":5,"3":5,"4":5,"5":5,"6":5,"7":5,"8":5,"9":5,"10":5,"11":5,"12":0,"13":0,"14":0,"15":0,"16":0,"17":0,"18":0,"19":0,"20":5,"21":0,"22":0,"23":5,"24":0,"25":0,"26":5,"27":5,"28":0,"29":0,"30":5,"31":5,"32":0,"33":0,"34":5,"35":5,"36":0,"37":0,"38":0,"39":0,"40":5,"41":0,"42":0,"43":0,"44":0,"45":0,"46":0,"47":0,"48":0,"49":0,"50":0,"51":0,"52":0,"53":5,"54":0,"55":0,"56":0,"57":0,"58":0,"59":0,"60":0,"61":5,"62":0,"63":0,"64":0,"65":0,"66":0,"67":0,"68":0,"69":5,"70":0,"71":5,"72":0,"73":0,"74":5,"75":0,"76":0,"77":0,"78":0,"79":5,"80":0,"81":0,"82":0,"83":0,"84":0,"85":0,"86":5,"87":0,"88":5,"89":0,"90":0,"91":0,"92":0,"93":0,"94":0,"95":0,"96":0,"97":0,"98":0,"99":0,"100":5,"101":0,"102":5,"103":0,"104":0,"105":0,"106":0,"107":0,"108":0,"109":0,"110":0,"111":5,"112":0,"113":5,"114":0,"115":0,"116":55},"f":{"0":0,"1":0,"2":0,"3":0,"4":0,"5":0,"6":0,"7":0,"8":0,"9":0,"10":0,"11":0,"12":0,"13":0,"14":0,"15":0,"16":0,"17":0,"18":0,"19":55},"b":{"0":[0,0],"1":[0,0],"2":[0,0,0],"3":[0,0],"4":[0,0],"5":[0,0],"6":[0,0],"7":[0,0],"8":[0,0],"9":[0,0],"10":[0,0],"11":[0,0],"12":[0,0],"13":[0,0],"14":[0,0],"15":[0,0],"16":[0,0],"17":[0,0],"18":[0,0],"19":[0,0],"20":[0,0],"21":[0,0],"22":[0,0],"23":[0,0],"24":[0,0],"25":[0,0],"26":[0,0],"27":[0,0],"28":[0,0],"29":[0,0,0],"30":[0,0]},"_coverageSchema":"1a1c01bbd47fc00a2c39e90264f33305004495a9","hash":"e470bc4135bcb76c50abc828a1a3ba30e43d2ebf"}
,"F:\\AllMyApps\\latest\\node-cqrs\\express\\lib\\response.js": {"path":"F:\\AllMyApps\\latest\\node-cqrs\\express\\lib\\response.js","statementMap":{"0":{"start":{"line":15,"column":13},"end":{"line":15,"column":42}},"1":{"start":{"line":16,"column":25},"end":{"line":16,"column":55}},"2":{"start":{"line":17,"column":16},"end":{"line":17,"column":42}},"3":{"start":{"line":18,"column":16},"end":{"line":18,"column":36}},"4":{"start":{"line":19,"column":17},"end":{"line":19,"column":39}},"5":{"start":{"line":20,"column":11},"end":{"line":20,"column":26}},"6":{"start":{"line":21,"column":17},"end":{"line":21,"column":46}},"7":{"start":{"line":22,"column":17},"end":{"line":22,"column":39}},"8":{"start":{"line":23,"column":11},"end":{"line":23,"column":26}},"9":{"start":{"line":24,"column":15},"end":{"line":24,"column":34}},"10":{"start":{"line":25,"column":12},"end":{"line":25,"column":34}},"11":{"start":{"line":26,"column":11},"end":{"line":26,"column":43}},"12":{"start":{"line":27,"column":20},"end":{"line":27,"column":52}},"13":{"start":{"line":28,"column":21},"end":{"line":28,"column":54}},"14":{"start":{"line":29,"column":17},"end":{"line":29,"column":46}},"15":{"start":{"line":30,"column":13},"end":{"line":30,"column":30}},"16":{"start":{"line":31,"column":11},"end":{"line":31,"column":26}},"17":{"start":{"line":32,"column":14},"end":{"line":32,"column":26}},"18":{"start":{"line":33,"column":11},"end":{"line":33,"column":20}},"19":{"start":{"line":34,"column":14},"end":{"line":34,"column":26}},"20":{"start":{"line":35,"column":11},"end":{"line":35,"column":26}},"21":{"start":{"line":42,"column":10},"end":{"line":42,"column":54}},"22":{"start":{"line":49,"column":0},"end":{"line":49,"column":20}},"23":{"start":{"line":56,"column":20},"end":{"line":56,"column":37}},"24":{"start":{"line":66,"column":0},"end":{"line":69,"column":2}},"25":{"start":{"line":67,"column":2},"end":{"line":67,"column":25}},"26":{"start":{"line":68,"column":2},"end":{"line":68,"column":14}},"27":{"start":{"line":86,"column":0},"end":{"line":92,"column":2}},"28":{"start":{"line":87,"column":13},"end":{"line":87,"column":35}},"29":{"start":{"line":88,"column":2},"end":{"line":88,"column":25}},"30":{"start":{"line":88,"column":12},"end":{"line":88,"column":25}},"31":{"start":{"line":89,"column":2},"end":{"line":91,"column":17}},"32":{"start":{"line":90,"column":4},"end":{"line":90,"column":53}},"33":{"start":{"line":107,"column":0},"end":{"line":225,"column":2}},"34":{"start":{"line":108,"column":14},"end":{"line":108,"column":18}},"35":{"start":{"line":110,"column":12},"end":{"line":110,"column":20}},"36":{"start":{"line":114,"column":12},"end":{"line":114,"column":20}},"37":{"start":{"line":117,"column":2},"end":{"line":127,"column":3}},"38":{"start":{"line":119,"column":4},"end":{"line":126,"column":5}},"39":{"start":{"line":120,"column":6},"end":{"line":120,"column":85}},"40":{"start":{"line":121,"column":6},"end":{"line":121,"column":37}},"41":{"start":{"line":123,"column":6},"end":{"line":123,"column":85}},"42":{"start":{"line":124,"column":6},"end":{"line":124,"column":37}},"43":{"start":{"line":125,"column":6},"end":{"line":125,"column":27}},"44":{"start":{"line":130,"column":2},"end":{"line":139,"column":3}},"45":{"start":{"line":132,"column":4},"end":{"line":134,"column":5}},"46":{"start":{"line":133,"column":6},"end":{"line":133,"column":23}},"47":{"start":{"line":136,"column":4},"end":{"line":136,"column":70}},"48":{"start":{"line":137,"column":4},"end":{"line":137,"column":28}},"49":{"start":{"line":138,"column":4},"end":{"line":138,"column":27}},"50":{"start":{"line":141,"column":2},"end":{"line":161,"column":3}},"51":{"start":{"line":144,"column":6},"end":{"line":146,"column":7}},"52":{"start":{"line":145,"column":8},"end":{"line":145,"column":26}},"53":{"start":{"line":147,"column":6},"end":{"line":147,"column":12}},"54":{"start":{"line":151,"column":6},"end":{"line":159,"column":7}},"55":{"start":{"line":152,"column":8},"end":{"line":152,"column":19}},"56":{"start":{"line":153,"column":13},"end":{"line":159,"column":7}},"57":{"start":{"line":154,"column":8},"end":{"line":156,"column":9}},"58":{"start":{"line":155,"column":10},"end":{"line":155,"column":27}},"59":{"start":{"line":158,"column":8},"end":{"line":158,"column":32}},"60":{"start":{"line":160,"column":6},"end":{"line":160,"column":12}},"61":{"start":{"line":164,"column":2},"end":{"line":172,"column":3}},"62":{"start":{"line":165,"column":4},"end":{"line":165,"column":22}},"63":{"start":{"line":166,"column":4},"end":{"line":166,"column":36}},"64":{"start":{"line":169,"column":4},"end":{"line":171,"column":5}},"65":{"start":{"line":170,"column":6},"end":{"line":170,"column":58}},"66":{"start":{"line":175,"column":15},"end":{"line":175,"column":33}},"67":{"start":{"line":176,"column":21},"end":{"line":176,"column":70}},"68":{"start":{"line":180,"column":2},"end":{"line":195,"column":3}},"69":{"start":{"line":181,"column":4},"end":{"line":192,"column":5}},"70":{"start":{"line":183,"column":6},"end":{"line":183,"column":24}},"71":{"start":{"line":184,"column":11},"end":{"line":192,"column":5}},"72":{"start":{"line":186,"column":6},"end":{"line":186,"column":46}},"73":{"start":{"line":189,"column":6},"end":{"line":189,"column":42}},"74":{"start":{"line":190,"column":6},"end":{"line":190,"column":27}},"75":{"start":{"line":191,"column":6},"end":{"line":191,"column":24}},"76":{"start":{"line":194,"column":4},"end":{"line":194,"column":36}},"77":{"start":{"line":199,"column":2},"end":{"line":203,"column":3}},"78":{"start":{"line":200,"column":4},"end":{"line":202,"column":5}},"79":{"start":{"line":201,"column":6},"end":{"line":201,"column":29}},"80":{"start":{"line":206,"column":2},"end":{"line":206,"column":39}},"81":{"start":{"line":206,"column":17},"end":{"line":206,"column":39}},"82":{"start":{"line":209,"column":2},"end":{"line":214,"column":3}},"83":{"start":{"line":210,"column":4},"end":{"line":210,"column":38}},"84":{"start":{"line":211,"column":4},"end":{"line":211,"column":40}},"85":{"start":{"line":212,"column":4},"end":{"line":212,"column":43}},"86":{"start":{"line":213,"column":4},"end":{"line":213,"column":15}},"87":{"start":{"line":216,"column":2},"end":{"line":222,"column":3}},"88":{"start":{"line":218,"column":4},"end":{"line":218,"column":15}},"89":{"start":{"line":221,"column":4},"end":{"line":221,"column":30}},"90":{"start":{"line":224,"column":2},"end":{"line":224,"column":14}},"91":{"start":{"line":239,"column":0},"end":{"line":268,"column":2}},"92":{"start":{"line":240,"column":12},"end":{"line":240,"column":15}},"93":{"start":{"line":243,"column":2},"end":{"line":253,"column":3}},"94":{"start":{"line":245,"column":4},"end":{"line":252,"column":5}},"95":{"start":{"line":246,"column":6},"end":{"line":246,"column":83}},"96":{"start":{"line":247,"column":6},"end":{"line":247,"column":37}},"97":{"start":{"line":249,"column":6},"end":{"line":249,"column":83}},"98":{"start":{"line":250,"column":6},"end":{"line":250,"column":37}},"99":{"start":{"line":251,"column":6},"end":{"line":251,"column":25}},"100":{"start":{"line":256,"column":12},"end":{"line":256,"column":20}},"101":{"start":{"line":257,"column":15},"end":{"line":257,"column":37}},"102":{"start":{"line":258,"column":17},"end":{"line":258,"column":41}},"103":{"start":{"line":259,"column":15},"end":{"line":259,"column":37}},"104":{"start":{"line":260,"column":13},"end":{"line":260,"column":53}},"105":{"start":{"line":263,"column":2},"end":{"line":265,"column":3}},"106":{"start":{"line":264,"column":4},"end":{"line":264,"column":49}},"107":{"start":{"line":267,"column":2},"end":{"line":267,"column":25}},"108":{"start":{"line":282,"column":0},"end":{"line":336,"column":2}},"109":{"start":{"line":283,"column":12},"end":{"line":283,"column":15}},"110":{"start":{"line":286,"column":2},"end":{"line":296,"column":3}},"111":{"start":{"line":288,"column":4},"end":{"line":295,"column":5}},"112":{"start":{"line":289,"column":6},"end":{"line":289,"column":84}},"113":{"start":{"line":290,"column":6},"end":{"line":290,"column":37}},"114":{"start":{"line":292,"column":6},"end":{"line":292,"column":85}},"115":{"start":{"line":293,"column":6},"end":{"line":293,"column":37}},"116":{"start":{"line":294,"column":6},"end":{"line":294,"column":25}},"117":{"start":{"line":299,"column":12},"end":{"line":299,"column":20}},"118":{"start":{"line":300,"column":15},"end":{"line":300,"column":37}},"119":{"start":{"line":301,"column":17},"end":{"line":301,"column":41}},"120":{"start":{"line":302,"column":15},"end":{"line":302,"column":37}},"121":{"start":{"line":303,"column":13},"end":{"line":303,"column":53}},"122":{"start":{"line":304,"column":17},"end":{"line":304,"column":63}},"123":{"start":{"line":307,"column":2},"end":{"line":310,"column":3}},"124":{"start":{"line":308,"column":4},"end":{"line":308,"column":50}},"125":{"start":{"line":309,"column":4},"end":{"line":309,"column":49}},"126":{"start":{"line":313,"column":2},"end":{"line":315,"column":3}},"127":{"start":{"line":314,"column":4},"end":{"line":314,"column":27}},"128":{"start":{"line":318,"column":2},"end":{"line":333,"column":3}},"129":{"start":{"line":319,"column":4},"end":{"line":319,"column":50}},"130":{"start":{"line":320,"column":4},"end":{"line":320,"column":48}},"131":{"start":{"line":323,"column":4},"end":{"line":323,"column":52}},"132":{"start":{"line":326,"column":4},"end":{"line":328,"column":37}},"133":{"start":{"line":332,"column":4},"end":{"line":332,"column":94}},"134":{"start":{"line":335,"column":2},"end":{"line":335,"column":25}},"135":{"start":{"line":353,"column":0},"end":{"line":360,"column":2}},"136":{"start":{"line":354,"column":13},"end":{"line":354,"column":55}},"137":{"start":{"line":356,"column":2},"end":{"line":356,"column":31}},"138":{"start":{"line":357,"column":2},"end":{"line":357,"column":19}},"139":{"start":{"line":359,"column":2},"end":{"line":359,"column":25}},"140":{"start":{"line":403,"column":0},"end":{"line":442,"column":2}},"141":{"start":{"line":404,"column":13},"end":{"line":404,"column":21}},"142":{"start":{"line":405,"column":12},"end":{"line":405,"column":20}},"143":{"start":{"line":406,"column":12},"end":{"line":406,"column":16}},"144":{"start":{"line":407,"column":13},"end":{"line":407,"column":21}},"145":{"start":{"line":408,"column":13},"end":{"line":408,"column":26}},"146":{"start":{"line":410,"column":2},"end":{"line":412,"column":3}},"147":{"start":{"line":411,"column":4},"end":{"line":411,"column":69}},"148":
[...]
,"F:\\AllMyApps\\latest\\node-cqrs\\src\\handlers.js": {"path":"F:\\AllMyApps\\latest\\node-cqrs\\src\\handlers.js","statementMap":{"0":{"start":{"line":1,"column":15},"end":{"line":1,"column":32}},"1":{"start":{"line":2,"column":13},"end":{"line":2,"column":28}},"2":{"start":{"line":5,"column":2},"end":{"line":5,"column":50}},"3":{"start":{"line":6,"column":2},"end":{"line":16,"column":3}},"4":{"start":{"line":7,"column":4},"end":{"line":15,"column":5}},"5":{"start":{"line":8,"column":6},"end":{"line":10,"column":7}},"6":{"start":{"line":9,"column":8},"end":{"line":9,"column":126}},"7":{"start":{"line":11,"column":6},"end":{"line":13,"column":7}},"8":{"start":{"line":12,"column":8},"end":{"line":12,"column":136}},"9":{"start":{"line":14,"column":6},"end":{"line":14,"column":27}},"10":{"start":{"line":18,"column":0},"end":{"line":18,"column":46}},"11":{"start":{"line":19,"column":0},"end":{"line":29,"column":1}},"12":{"start":{"line":20,"column":25},"end":{"line":20,"column":57}},"13":{"start":{"line":21,"column":21},"end":{"line":21,"column":64}},"14":{"start":{"line":23,"column":2},"end":{"line":28,"column":4}},"15":{"start":{"line":24,"column":4},"end":{"line":26,"column":5}},"16":{"start":{"line":25,"column":6},"end":{"line":25,"column":15}},"17":{"start":{"line":27,"column":4},"end":{"line":27,"column":10}},"18":{"start":{"line":31,"column":2},"end":{"line":31,"column":28}},"19":{"start":{"line":33,"column":0},"end":{"line":33,"column":29}}},"fnMap":{"0":{"name":"ViewAggregator","decl":{"start":{"line":4,"column":9},"end":{"line":4,"column":23}},"loc":{"start":{"line":4,"column":27},"end":{"line":17,"column":1}},"line":4},"1":{"name":"(anonymous_1)","decl":{"start":{"line":6,"column":21},"end":{"line":6,"column":22}},"loc":{"start":{"line":6,"column":41},"end":{"line":16,"column":3}},"line":6},"2":{"name":"(anonymous_2)","decl":{"start":{"line":19,"column":34},"end":{"line":19,"column":35}},"loc":{"start":{"line":19,"column":73},"end":{"line":29,"column":1}},"line":19},"3":{"name":"(anonymous_3)","decl":{"start":{"line":23,"column":28},"end":{"line":23,"column":29}},"loc":{"start":{"line":23,"column":43},"end":{"line":28,"column":3}},"line":23},"4":{"name":"dummyEventHandler","decl":{"start":{"line":30,"column":9},"end":{"line":30,"column":26}},"loc":{"start":{"line":30,"column":51},"end":{"line":32,"column":1}},"line":30}},"branchMap":{"0":{"loc":{"start":{"line":8,"column":6},"end":{"line":10,"column":7}},"type":"if","locations":[{"start":{"line":8,"column":6},"end":{"line":10,"column":7}},{"start":{"line":8,"column":6},"end":{"line":10,"column":7}}],"line":8},"1":{"loc":{"start":{"line":11,"column":6},"end":{"line":13,"column":7}},"type":"if","locations":[{"start":{"line":11,"column":6},"end":{"line":13,"column":7}},{"start":{"line":11,"column":6},"end":{"line":13,"column":7}}],"line":11},"2":{"loc":{"start":{"line":21,"column":21},"end":{"line":21,"column":64}},"type":"binary-expr","locations":[{"start":{"line":21,"column":21},"end":{"line":21,"column":43}},{"start":{"line":21,"column":47},"end":{"line":21,"column":64}}],"line":21},"3":{"loc":{"start":{"line":24,"column":4},"end":{"line":26,"column":5}},"type":"if","locations":[{"start":{"line":24,"column":4},"end":{"line":26,"column":5}},{"start":{"line":24,"column":4},"end":{"line":26,"column":5}}],"line":24}},"s":{"0":5,"1":5,"2":10,"3":10,"4":10,"5":40,"6":0,"7":40,"8":0,"9":40,"10":5,"11":5,"12":0,"13":0,"14":0,"15":0,"16":0,"17":0,"18":0,"19":5},"f":{"0":10,"1":10,"2":0,"3":0,"4":0},"b":{"0":[0,40],"1":[0,40],"2":[0,0],"3":[0,0]},"_coverageSchema":"1a1c01bbd47fc00a2c39e90264f33305004495a9","hash":"70265a7a1e67e758f5a0645cdfce9545608a1b8b"}
,"F:\\AllMyApps\\latest\\node-cqrs\\src\\messageBus.js": {"path":"F:\\AllMyApps\\latest\\node-cqrs\\src\\messageBus.js","statementMap":{"0":{"start":{"line":1,"column":17},"end":{"line":15,"column":4}},"1":{"start":{"line":2,"column":14},"end":{"line":2,"column":16}},"2":{"start":{"line":3,"column":22},"end":{"line":3,"column":24}},"3":{"start":{"line":4,"column":2},"end":{"line":8,"column":3}},"4":{"start":{"line":5,"column":4},"end":{"line":7,"column":6}},"5":{"start":{"line":6,"column":6},"end":{"line":6,"column":33}},"6":{"start":{"line":9,"column":2},"end":{"line":13,"column":3}},"7":{"start":{"line":10,"column":4},"end":{"line":12,"column":6}},"8":{"start":{"line":11,"column":6},"end":{"line":11,"column":31}},"9":{"start":{"line":14,"column":2},"end":{"line":14,"column":14}},"10":{"start":{"line":16,"column":0},"end":{"line":16,"column":27}}},"fnMap":{"0":{"name":"(anonymous_0)","decl":{"start":{"line":1,"column":18},"end":{"line":1,"column":19}},"loc":{"start":{"line":1,"column":30},"end":{"line":15,"column":1}},"line":1},"1":{"name":"(anonymous_1)","decl":{"start":{"line":4,"column":26},"end":{"line":4,"column":27}},"loc":{"start":{"line":4,"column":46},"end":{"line":8,"column":3}},"line":4},"2":{"name":"(anonymous_2)","decl":{"start":{"line":5,"column":21},"end":{"line":5,"column":22}},"loc":{"start":{"line":5,"column":32},"end":{"line":7,"column":5}},"line":5},"3":{"name":"(anonymous_3)","decl":{"start":{"line":9,"column":18},"end":{"line":9,"column":19}},"loc":{"start":{"line":9,"column":35},"end":{"line":13,"column":3}},"line":9},"4":{"name":"(anonymous_4)","decl":{"start":{"line":10,"column":26},"end":{"line":10,"column":27}},"loc":{"start":{"line":10,"column":42},"end":{"line":12,"column":5}},"line":10}},"branchMap":{},"s":{"0":5,"1":5,"2":5,"3":5,"4":10,"5":20,"6":5,"7":0,"8":0,"9":5,"10":5},"f":{"0":5,"1":10,"2":20,"3":0,"4":0},"b":{},"_coverageSchema":"1a1c01bbd47fc00a2c39e90264f33305004495a9","hash":"65049d6560444a7cd4c937a08e421dd63d154745"}
,"F:\\AllMyApps\\latest\\node-cqrs\\src\\schema.js": {"path":"F:\\AllMyApps\\latest\\node-cqrs\\src\\schema.js","statementMap":{"0":{"start":{"line":2,"column":19},"end":{"line":2,"column":42}},"1":{"start":{"line":4,"column":24},"end":{"line":4,"column":52}},"2":{"start":{"line":5,"column":19},"end":{"line":5,"column":42}},"3":{"start":{"line":8,"column":2},"end":{"line":10,"column":3}},"4":{"start":{"line":9,"column":4},"end":{"line":9,"column":53}},"5":{"start":{"line":11,"column":2},"end":{"line":13,"column":3}},"6":{"start":{"line":12,"column":4},"end":{"line":12,"column":94}},"7":{"start":{"line":14,"column":2},"end":{"line":16,"column":3}},"8":{"start":{"line":15,"column":4},"end":{"line":15,"column":53}},"9":{"start":{"line":17,"column":2},"end":{"line":19,"column":3}},"10":{"start":{"line":18,"column":4},"end":{"line":18,"column":94}},"11":{"start":{"line":20,"column":2},"end":{"line":27,"column":3}},"12":{"start":{"line":21,"column":4},"end":{"line":23,"column":5}},"13":{"start":{"line":22,"column":6},"end":{"line":22,"column":110}},"14":{"start":{"line":24,"column":4},"end":{"line":26,"column":5}},"15":{"start":{"line":25,"column":6},"end":{"line":25,"column":77}},"16":{"start":{"line":28,"column":2},"end":{"line":30,"column":3}},"17":{"start":{"line":29,"column":4},"end":{"line":29,"column":71}},"18":{"start":{"line":31,"column":2},"end":{"line":33,"column":3}},"19":{"start":{"line":32,"column":4},"end":{"line":32,"column":113}},"20":{"start":{"line":34,"column":2},"end":{"line":38,"column":3}},"21":{"start":{"line":35,"column":4},"end":{"line":37,"column":5}},"22":{"start":{"line":36,"column":6},"end":{"line":36,"column":100}},"23":{"start":{"line":39,"column":2},"end":{"line":41,"column":3}},"24":{"start":{"line":40,"column":4},"end":{"line":40,"column":65}},"25":{"start":{"line":43,"column":2},"end":{"line":45,"column":3}},"26":{"start":{"line":44,"column":4},"end":{"line":44,"column":102}},"27":{"start":{"line":47,"column":2},"end":{"line":49,"column":3}},"28":{"start":{"line":48,"column":4},"end":{"line":48,"column":118}},"29":{"start":{"line":51,"column":2},"end":{"line":55,"column":3}},"30":{"start":{"line":52,"column":4},"end":{"line":54,"column":5}},"31":{"start":{"line":53,"column":6},"end":{"line":53,"column":122}},"32":{"start":{"line":56,"column":2},"end":{"line":62,"column":3}},"33":{"start":{"line":61,"column":4},"end":{"line":61,"column":103}},"34":{"start":{"line":63,"column":2},"end":{"line":65,"column":3}},"35":{"start":{"line":64,"column":4},"end":{"line":64,"column":108}},"36":{"start":{"line":66,"column":2},"end":{"line":68,"column":3}},"37":{"start":{"line":67,"column":4},"end":{"line":67,"column":119}},"38":{"start":{"line":70,"column":2},"end":{"line":74,"column":3}},"39":{"start":{"line":71,"column":4},"end":{"line":73,"column":5}},"40":{"start":{"line":72,"column":6},"end":{"line":72,"column":69}},"41":{"start":{"line":76,"column":2},"end":{"line":76,"column":16}},"42":{"start":{"line":77,"column":2},"end":{"line":77,"column":43}},"43":{"start":{"line":78,"column":2},"end":{"line":78,"column":35}},"44":{"start":{"line":79,"column":2},"end":{"line":79,"column":53}},"45":{"start":{"line":80,"column":2},"end":{"line":80,"column":43}},"46":{"start":{"line":81,"column":2},"end":{"line":81,"column":49}},"47":{"start":{"line":82,"column":17},"end":{"line":82,"column":58}},"48":{"start":{"line":83,"column":2},"end":{"line":91,"column":3}},"49":{"start":{"line":84,"column":4},"end":{"line":86,"column":5}},"50":{"start":{"line":85,"column":6},"end":{"line":85,"column":128}},"51":{"start":{"line":87,"column":4},"end":{"line":89,"column":5}},"52":{"start":{"line":88,"column":6},"end":{"line":88,"column":165}},"53":{"start":{"line":90,"column":4},"end":{"line":90,"column":40}},"54":{"start":{"line":92,"column":2},"end":{"line":97,"column":4}},"55":{"start":{"line":98,"column":2},"end":{"line":98,"column":62}},"56":{"start":{"line":100,"column":0},"end":{"line":100,"column":23}}},"fnMap":{"0":{"name":"Schema","decl":{"start":{"line":7,"column":9},"end":{"line":7,"column":15}},"loc":{"start":{"line":7,"column":31},"end":{"line":99,"column":1}},"line":7}},"branchMap":{"0":{"loc":{"start":{"line":8,"column":2},"end":{"line":10,"column":3}},"type":"if","locations":[{"start":{"line":8,"column":2},"end":{"line":10,"column":3}},{"start":{"line":8,"column":2},"end":{"line":10,"column":3}}],"line":8},"1":{"loc":{"start":{"line":11,"column":2},"end":{"line":13,"column":3}},"type":"if","locations":[{"start":{"line":11,"column":2},"end":{"line":13,"column":3}},{"start":{"line":11,"column":2},"end":{"line":13,"column":3}}],"line":11},"2":{"loc":{"start":{"line":14,"column":2},"end":{"line":16,"column":3}},"type":"if","locations":[{"start":{"line":14,"column":2},"end":{"line":16,"column":3}},{"start":{"line":14,"column":2},"end":{"line":16,"column":3}}],"line":14},"3":{"loc":{"start":{"line":17,"column":2},"end":{"line":19,"column":3}},"type":"if","locations":[{"start":{"line":17,"column":2},"end":{"line":19,"column":3}},{"start":{"line":17,"column":2},"end":{"line":19,"column":3}}],"line":17},"4":{"loc":{"start":{"line":21,"column":4},"end":{"line":23,"column":5}},"type":"if","locations":[{"start":{"line":21,"column":4},"end":{"line":23,"column":5}},{"start":{"line":21,"column":4},"end":{"line":23,"column":5}}],"line":21},"5":{"loc":{"start":{"line":24,"column":4},"end":{"line":26,"column":5}},"type":"if","locations":[{"start":{"line":24,"column":4},"end":{"line":26,"column":5}},{"start":{"line":24,"column":4},"end":{"line":26,"column":5}}],"line":24},"6":{"loc":{"start":{"line":28,"column":2},"end":{"line":30,"column":3}},"type":"if","locations":[{"start":{"line":28,"column":2},"end":{"line":30,"column":3}},{"start":{"line":28,"column":2},"end":{"line":30,"column":3}}],"line":28},"7":{"loc":{"start":{"line":31,"column":2},"end":{"line":33,"column":3}},"type":"if","locations":[{"start":{"line":31,"column":2},"end":{"line":33,"column":3}},{"start":{"line":31,"column":2},"end":{"line":33,"column":3}}],"line":31},"8":{"loc":{"start":{"line":35,"column":4},"end":{"line":37,"column":5}},"type":"if","locations":[{"start":{"line":35,"column":4},"end":{"line":37,"column":5}},{"start":{"line":35,"column":4},"end":{"line":37,"column":5}}],"line":35},"9":{"loc":{"start":{"line":39,"column":2},"end":{"line":41,"column":3}},"type":"if","locations":[{"start":{"line":39,"column":2},"end":{"line":41,"column":3}},{"start":{"line":39,"column":2},"end":{"line":41,"column":3}}],"line":39},"10":{"loc":{"start":{"line":43,"column":2},"end":{"line":45,"column":3}},"type":"if","locations":[{"start":{"line":43,"column":2},"end":{"line":45,"column":3}},{"start":{"line":43,"column":2},"end":{"line":45,"column":3}}],"line":43},"11":{"loc":{"start":{"line":47,"column":2},"end":{"line":49,"column":3}},"type":"if","locations":[{"start":{"line":47,"column":2},"end":{"line":49,"column":3}},{"start":{"line":47,"column":2},"end":{"line":49,"column":3}}],"line":47},"12":{"loc":{"start":{"line":52,"column":4},"end":{"line":54,"column":5}},"type":"if","locations":[{"start":{"line":52,"column":4},"end":{"line":54,"column":5}},{"start":{"line":52,"column":4},"end":{"line":54,"column":5}}],"line":52},"13":{"loc":{"start":{"line":56,"column":2},"end":{"line":62,"column":3}},"type":"if","locations":[{"start":{"line":56,"column":2},"end":{"line":62,"column":3}},{"start":{"line":56,"column":2},"end":{"line":62,"column":3}}],"line":56},"14":{"loc":{"start":{"line":56,"column":6},"end":{"line":59,"column":53}},"type":"binary-expr","locations":[{"start":{"line":56,"column":6},"end":{"line":56,"column":56}},{"start":{"line":57,"column":2},"end":{"line":57,"column":55}},{"start":{"line":58,"column":2},"end":{"line":58,"column":55}},{"start":{"line":59,"column":2},"end":{"line":59,"column":53}}],"line":56},"15":{"loc":{"start":{"line":63,"column":2},"end":{"line":65,"column":3}},"type":"if","locations":[{"start":{"line":63,"column":2},"end":{"line":65,"column":3}},{"start":{"line":63,"column":2},"end":{"line":65,"column":3}}],"line":63},"16":{"loc":{"start":{"line":66,"column":2},"end":{"line":68,"column":3}},"type":"if","locations":[{"start":{"line":66,"column":2},"end":{"line":68,"column":3}},{"start":{"line":66,"column":2},"end":{"line":68,"column":3}}],"line":66},"17":{"loc":{"start":{"line":71,"column":4},"end":{"line":73,"column":5}},"type":"if","locations":[{"start":{"line":71,"column":4},"end":{"line":73,"column":5}},{"start":{"line":71,"column":4},"end":{"line":73,"column":5}}],"line":71},"18":{"loc":{"start":{"line":84,"column":4},"end":{"line":86,"column":5}},"type":"if","locations":[{"start":{"line":84,"column":4},"end":{"line":86,"column":5}},{"start":{"line":84,"column":4},"end":{"line":86,"column":5}}],"line":84},"19":{"loc":{"start":{"line":87,"column":4},"end":{"line":89,"column":5}},"type":"if","locations":[{"start":{"line":87,"column":4},"end":{"line":89,"column":5}},{"start":{"line":87,"column":4},"end":{"line":89,"column":5}}],"line":87}},"s":{"0":5,"1":5,"2":5,"3":30,"4":1,"5":29,"6":1,"7":28,"8":1,"9":27,"10":1,"11":26,"12":104,"13":1,"14":103,"15":1,"16":24,"17":1,"18":23,"19":1,"20":22,"21":108,"22":1,"23":21,"24":1,"25":20,"26":1,"27":19,"28":1,"29":18,"30":68,"31":1,"32":17,"33":1,"34":16,"35":2,"36":14,"37":2,"38":12,"39":23,"40":1,"41":11,"42":11,"43":11,"44":11,"45":11,"46":11,"47":11,"48":11,"49":57,"50":1,"51":56,"52":0,"53":56,"54":10,"55":10,"56":5},"f":{"0":30},"b":{"0":[1,29],"1":[1,28],"2":[1,27],"3":[1,26],"4":[1,103],"5":[1,102],"6":[1,23],"7":[1,22],"8":[1,107],"9":[1,20],"10":[1,19],"11":[1,18],"12":[1,67],"13":[1,16],"14":[17,17,17,17],"15":[2,14],"16":[2,12],"17":[1,22],"18":[1,56],"19":[0,56]},"_coverageSchema":"1a1c01bbd47fc00a2c39e90264f33305004495a9","hash":"519acf7f0ffc285c955dd44c4ecfb721464996f4"}
,"F:\\AllMyApps\\latest\\node-cqrs\\src\\types.js": {"path":"F:\\AllMyApps\\latest\\node-cqrs\\src\\types.js","statementMap":{"0":{"start":{"line":3,"column":2},"end":{"line":8,"column":3}},"1":{"start":{"line":4,"column":4},"end":{"line":6,"column":5}},"2":{"start":{"line":5,"column":6},"end":{"line":5,"column":39}},"3":{"start":{"line":7,"column":4},"end":{"line":7,"column":25}},"4":{"start":{"line":9,"column":2},"end":{"line":14,"column":3}},"5":{"start":{"line":10,"column":4},"end":{"line":12,"column":5}},"6":{"start":{"line":11,"column":6},"end":{"line":11,"column":38}},"7":{"start":{"line":13,"column":4},"end":{"line":13,"column":25}},"8":{"start":{"line":15,"column":2},"end":{"line":20,"column":3}},"9":{"start":{"line":16,"column":4},"end":{"line":18,"column":5}},"10":{"start":{"line":17,"column":6},"end":{"line":17,"column":40}},"11":{"start":{"line":19,"column":4},"end":{"line":19,"column":25}},"12":{"start":{"line":21,"column":2},"end":{"line":23,"column":3}},"13":{"start":{"line":22,"column":4},"end":{"line":22,"column":25}},"14":{"start":{"line":25,"column":2},"end":{"line":27,"column":3}},"15":{"start":{"line":26,"column":4},"end":{"line":26,"column":34}},"16":{"start":{"line":30,"column":0},"end":{"line":30,"column":28}}},"fnMap":{"0":{"name":"compareType","decl":{"start":{"line":2,"column":9},"end":{"line":2,"column":20}},"loc":{"start":{"line":2,"column":45},"end":{"line":28,"column":1}},"line":2}},"branchMap":{"0":{"loc":{"start":{"line":3,"column":2},"end":{"line":8,"column":3}},"type":"if","locations":[{"start":{"line":3,"column":2},"end":{"line":8,"column":3}},{"start":{"line":3,"column":2},"end":{"line":8,"column":3}}],"line":3},"1":{"loc":{"start":{"line":4,"column":4},"end":{"line":6,"column":5}},"type":"if","locations":[{"start":{"line":4,"column":4},"end":{"line":6,"column":5}},{"start":{"line":4,"column":4},"end":{"line":6,"column":5}}],"line":4},"2":{"loc":{"start":{"line":9,"column":2},"end":{"line":14,"column":3}},"type":"if","locations":[{"start":{"line":9,"column":2},"end":{"line":14,"column":3}},{"start":{"line":9,"column":2},"end":{"line":14,"column":3}}],"line":9},"3":{"loc":{"start":{"line":10,"column":4},"end":{"line":12,"column":5}},"type":"if","locations":[{"start":{"line":10,"column":4},"end":{"line":12,"column":5}},{"start":{"line":10,"column":4},"end":{"line":12,"column":5}}],"line":10},"4":{"loc":{"start":{"line":10,"column":8},"end":{"line":10,"column":62}},"type":"binary-expr","locations":[{"start":{"line":10,"column":8},"end":{"line":10,"column":33}},{"start":{"line":10,"column":37},"end":{"line":10,"column":62}}],"line":10},"5":{"loc":{"start":{"line":15,"column":2},"end":{"line":20,"column":3}},"type":"if","locations":[{"start":{"line":15,"column":2},"end":{"line":20,"column":3}},{"start":{"line":15,"column":2},"end":{"line":20,"column":3}}],"line":15},"6":{"loc":{"start":{"line":16,"column":4},"end":{"line":18,"column":5}},"type":"if","locations":[{"start":{"line":16,"column":4},"end":{"line":18,"column":5}},{"start":{"line":16,"column":4},"end":{"line":18,"column":5}}],"line":16},"7":{"loc":{"start":{"line":21,"column":2},"end":{"line":23,"column":3}},"type":"if","locations":[{"start":{"line":21,"column":2},"end":{"line":23,"column":3}},{"start":{"line":21,"column":2},"end":{"line":23,"column":3}}],"line":21},"8":{"loc":{"start":{"line":25,"column":2},"end":{"line":27,"column":3}},"type":"if","locations":[{"start":{"line":25,"column":2},"end":{"line":27,"column":3}},{"start":{"line":25,"column":2},"end":{"line":27,"column":3}}],"line":25}},"s":{"0":8,"1":1,"2":1,"3":0,"4":7,"5":1,"6":1,"7":0,"8":6,"9":1,"10":1,"11":0,"12":5,"13":0,"14":5,"15":3,"16":5},"f":{"0":8},"b":{"0":[1,7],"1":[1,0],"2":[1,6],"3":[1,0],"4":[1,1],"5":[1,5],"6":[1,0],"7":[0,5],"8":[3,2]},"_coverageSchema":"1a1c01bbd47fc00a2c39e90264f33305004495a9","hash":"a446c9cd85a4eae8e3582f46172d5e51399bcffa"}
}
