TN:
SF:index.js
FN:4,(anonymous_0)
FN:7,(anonymous_1)
FN:27,(anonymous_2)
FN:48,(anonymous_3)
FNF:4
FNH:2
FNDA:5,(anonymous_0)
FNDA:4,(anonymous_1)
FNDA:0,(anonymous_2)
FNDA:0,(anonymous_3)
DA:1,5
DA:2,5
DA:4,5
DA:5,5
DA:6,5
DA:7,5
DA:8,4
DA:10,5
DA:11,5
DA:12,5
DA:13,5
DA:14,5
DA:15,5
DA:16,5
DA:18,5
DA:19,5
DA:20,5
DA:21,5
DA:22,5
DA:23,5
DA:24,5
DA:26,5
DA:27,5
DA:28,0
DA:29,0
DA:30,0
DA:31,0
DA:34,0
DA:35,0
DA:36,0
DA:37,0
DA:38,0
DA:39,0
DA:40,0
DA:43,0
DA:47,0
DA:48,0
DA:49,0
DA:50,0
DA:51,0
DA:57,5
DA:60,5
LF:42
LH:25
BRDA:38,0,0,0
BRDA:38,0,1,0
BRDA:38,1,0,0
BRDA:38,1,1,0
BRDA:38,1,2,0
BRDA:38,1,3,0
BRDA:38,1,4,0
BRF:7
BRH:0
end_of_record
TN:
SF:__test__\fixtures\makeSchema.js
FN:5,buildMakeCommand
FN:28,(anonymous_1)
FN:35,(anonymous_2)
FN:38,(anonymous_3)
FN:41,(anonymous_4)
FN:44,(anonymous_5)
FNF:6
FNH:1
FNDA:30,buildMakeCommand
FNDA:0,(anonymous_1)
FNDA:0,(anonymous_2)
FNDA:0,(anonymous_3)
FNDA:0,(anonymous_4)
FNDA:0,(anonymous_5)
DA:1,5
DA:2,5
DA:3,5
DA:4,5
DA:5,5
DA:6,30
DA:29,0
DA:30,0
DA:31,0
DA:32,0
DA:33,0
DA:36,0
DA:39,0
DA:42,0
DA:45,0
DA:62,10
LF:16
LH:7
BRDA:5,0,0,8
BRF:1
BRH:1
end_of_record
TN:
SF:__test__\fixtures\eventstore\eventStore.js
FN:5,(anonymous_0)
FN:6,(anonymous_1)
FN:9,(anonymous_2)
FN:10,(anonymous_3)
FN:14,(anonymous_4)
FN:17,(anonymous_5)
FN:22,(anonymous_6)
FNF:7
FNH:6
FNDA:4,(anonymous_0)
FNDA:2,(anonymous_1)
FNDA:1,(anonymous_2)
FNDA:1,(anonymous_3)
FNDA:0,(anonymous_4)
FNDA:3,(anonymous_5)
FNDA:2,(anonymous_6)
DA:2,5
DA:3,5
DA:4,5
DA:6,4
DA:7,4
DA:10,1
DA:11,1
DA:12,1
DA:15,0
DA:18,3
DA:20,3
DA:23,2
DA:28,5
LF:13
LH:12
BRF:0
BRH:0
end_of_record
TN:
SF:__test__\fixtures\viewss\ProductDetailsView.js
FN:8,(anonymous_0)
FN:18,(anonymous_1)
FN:20,(anonymous_2)
FN:26,(anonymous_3)
FN:28,(anonymous_4)
FN:34,(anonymous_5)
FN:36,(anonymous_6)
FN:42,(anonymous_7)
FN:44,(anonymous_8)
FNF:9
FNH:0
FNDA:0,(anonymous_0)
FNDA:0,(anonymous_1)
FNDA:0,(anonymous_2)
FNDA:0,(anonymous_3)
FNDA:0,(anonymous_4)
FNDA:0,(anonymous_5)
FNDA:0,(anonymous_6)
FNDA:0,(anonymous_7)
FNDA:0,(anonymous_8)
DA:2,5
DA:3,5
DA:5,5
DA:7,5
DA:9,0
DA:16,0
DA:19,0
DA:20,0
DA:21,0
DA:23,0
DA:24,0
DA:27,0
DA:28,0
DA:29,0
DA:31,0
DA:32,0
DA:35,0
DA:36,0
DA:37,0
DA:39,0
DA:40,0
DA:43,0
DA:44,0
DA:45,0
DA:47,0
DA:48,0
DA:53,5
LF:27
LH:5
BRF:0
BRH:0
end_of_record
TN:
SF:__test__\fixtures\viewss\ProductPriceView.js
FN:8,(anonymous_0)
FN:16,(anonymous_1)
FN:18,(anonymous_2)
FN:24,(anonymous_3)
FN:26,(anonymous_4)
FNF:5
FNH:0
FNDA:0,(anonymous_0)
FNDA:0,(anonymous_1)
FNDA:0,(anonymous_2)
FNDA:0,(anonymous_3)
FNDA:0,(anonymous_4)
DA:2,5
DA:4,5
DA:5,5
DA:7,5
DA:9,0
DA:14,0
DA:17,0
DA:18,0
DA:19,0
DA:21,0
DA:22,0
DA:25,0
DA:26,0
DA:27,0
DA:29,0
DA:30,0
DA:35,5
LF:17
LH:5
BRF:0
BRH:0
end_of_record
TN:
SF:express\index.js
FNF:0
FNH:0
DA:11,5
LF:1
LH:1
BRF:0
BRH:0
end_of_record
TN:
SF:express\lib\application.js
FN:58,init
FN:71,defaultConfiguration
FN:90,onmount
FN:124,(anonymous_3)
FN:138,lazyrouter
FN:159,handle
FN:188,use
FN:218,(anonymous_7)
FN:229,mounted_app
FN:231,(anonymous_9)
FN:255,route
FN:294,engine
FN:322,param
FN:353,set
FN:401,path
FN:422,enabled
FN:441,disabled
FN:453,enable
FN:465,disable
FN:473,(anonymous_19)
FN:474,(anonymous_20)
FN:498,all
FN:532,render
FN:622,listen
FN:634,logerror
FN:644,tryRender
FNF:26
FNH:11
FNDA:5,init
FNDA:5,defaultConfiguration
FNDA:0,onmount
FNDA:0,(anonymous_3)
FNDA:10,lazyrouter
FNDA:0,handle
FNDA:10,use
FNDA:10,(anonymous_7)
FNDA:0,mounted_app
FNDA:0,(anonymous_9)
FNDA:0,route
FNDA:5,engine
FNDA:0,param
FNDA:80,set
FNDA:0,path
FNDA:10,enabled
FNDA:0,disabled
FNDA:5,enable
FNDA:0,disable
FNDA:170,(anonymous_19)
FNDA:5,(anonymous_20)
FNDA:0,all
FNDA:0,render
FNDA:0,listen
FNDA:0,logerror
FNDA:0,tryRender
DA:16,5
DA:17,5
DA:18,5
DA:19,5
DA:20,5
DA:21,5
DA:22,5
DA:23,5
DA:24,5
DA:25,5
DA:26,5
DA:27,5
DA:28,5
DA:29,5
DA:30,5
DA:31,5
DA:32,5
DA:33,5
DA:39,5
DA:46,5
DA:58,5
DA:59,5
DA:60,5
DA:61,5
DA:63,5
DA:71,5
DA:72,5
DA:75,5
DA:76,5
DA:77,5
DA:78,5
DA:79,5
DA:80,5
DA:83,5
DA:88,5
DA:90,5
DA:92,0
DA:94,0
DA:95,0
DA:99,0
DA:100,0
DA:101,0
DA:102,0
DA:106,5
DA:109,5
DA:112,5
DA:115,5
DA:116,5
DA:117,5
DA:119,5
DA:120,0
DA:123,5
DA:125,0
DA:138,5
DA:139,10
DA:140,5
DA:145,5
DA:146,5
DA:159,5
DA:160,0
DA:163,0
DA:169,0
DA:170,0
DA:171,0
DA:172,0
DA:175,0
DA:188,5
DA:189,10
DA:190,10
DA:194,10
DA:195,5
DA:197,5
DA:198,0
DA:202,5
DA:203,5
DA:204,5
DA:208,10
DA:210,10
DA:211,0
DA:215,10
DA:216,10
DA:218,10
DA:220,10
DA:221,10
DA:224,0
DA:225,0
DA:226,0
DA:229,0
DA:230,0
DA:231,0
DA:232,0
DA:233,0
DA:234,0
DA:239,0
DA:242,10
DA:255,5
DA:256,0
DA:257,0
DA:294,5
DA:295,5
DA:296,0
DA:300,5
DA:305,5
DA:307,5
DA:322,5
DA:323,0
DA:325,0
DA:326,0
DA:327,0
DA:330,0
DA:333,0
DA:335,0
DA:353,5
DA:354,80
DA:356,15
DA:359,65
DA:362,65
DA:365,65
DA:367,5
DA:368,5
DA:370,5
DA:371,5
DA:373,5
DA:376,5
DA:381,5
DA:384,65
DA:401,5
DA:402,0
DA:422,5
DA:423,10
DA:441,5
DA:442,0
DA:453,5
DA:454,5
DA:465,5
DA:466,0
DA:473,5
DA:474,170
DA:475,5
DA:477,5
DA:480,0
DA:482,0
DA:483,0
DA:484,0
DA:498,5
DA:499,0
DA:501,0
DA:502,0
DA:504,0
DA:505,0
DA:508,0
DA:513,5
DA:532,5
DA:533,0
DA:534,0
DA:535,0
DA:536,0
DA:537,0
DA:541,0
DA:542,0
DA:543,0
DA:547,0
DA:550,0
DA:551,0
DA:555,0
DA:558,0
DA:559,0
DA:563,0
DA:564,0
DA:568,0
DA:569,0
DA:571,0
DA:580,0
DA:582,0
DA:583,0
DA:586,0
DA:587,0
DA:588,0
DA:592,0
DA:593,0
DA:598,0
DA:622,5
DA:623,0
DA:624,0
DA:645,0
DA:646,0
DA:648,0
LF:187
LH:103
BRDA:72,0,0,5
BRDA:72,0,1,0
BRDA:92,1,0,0
BRDA:92,1,1,0
BRDA:92,2,0,0
BRDA:92,2,1,0
BRDA:119,3,0,0
BRDA:119,3,1,5
BRDA:139,4,0,5
BRDA:139,4,1,5
BRDA:163,5,0,0
BRDA:163,5,1,0
BRDA:169,6,0,0
BRDA:169,6,1,0
BRDA:194,7,0,5
BRDA:194,7,1,5
BRDA:197,8,0,5
BRDA:197,8,1,0
BRDA:202,9,0,5
BRDA:202,9,1,0
BRDA:210,10,0,0
BRDA:210,10,1,10
BRDA:220,11,0,10
BRDA:220,11,1,0
BRDA:220,12,0,10
BRDA:220,12,1,10
BRDA:220,12,2,5
BRDA:295,13,0,0
BRDA:295,13,1,5
BRDA:300,14,0,0
BRDA:300,14,1,5
BRDA:325,15,0,0
BRDA:325,15,1,0
BRDA:354,16,0,15
BRDA:354,16,1,65
BRDA:365,17,0,5
BRDA:365,17,1,5
BRDA:365,17,2,5
BRDA:402,18,0,0
BRDA:402,18,1,0
BRDA:475,19,0,5
BRDA:475,19,1,0
BRDA:475,20,0,5
BRDA:475,20,1,5
BRDA:541,21,0,0
BRDA:541,21,1,0
BRDA:550,22,0,0
BRDA:550,22,1,0
BRDA:558,23,0,0
BRDA:558,23,1,0
BRDA:563,24,0,0
BRDA:563,24,1,0
BRDA:568,25,0,0
BRDA:568,25,1,0
BRDA:582,26,0,0
BRDA:582,26,1,0
BRDA:583,27,0,0
BRDA:583,27,1,0
BRDA:583,28,0,0
BRDA:583,28,1,0
BRDA:592,29,0,0
BRDA:592,29,1,0
BRF:62
BRH:23
end_of_record
TN:
SF:express\lib\express.js
FN:37,createApplication
FN:38,(anonymous_1)
FN:109,(anonymous_2)
FN:111,(anonymous_3)
FNF:4
FNH:2
FNDA:5,createApplication
FNDA:0,(anonymous_1)
FNDA:85,(anonymous_2)
FNDA:0,(anonymous_3)
DA:15,5
DA:16,5
DA:17,5
DA:18,5
DA:19,5
DA:20,5
DA:21,5
DA:22,5
DA:28,5
DA:38,5
DA:39,0
DA:42,5
DA:43,5
DA:46,5
DA:51,5
DA:55,5
DA:56,5
DA:63,5
DA:64,5
DA:65,5
DA:71,5
DA:72,5
DA:78,5
DA:79,5
DA:80,5
DA:81,5
DA:82,5
DA:83,5
DA:89,5
DA:109,5
DA:110,85
DA:112,0
LF:32
LH:30
BRF:0
BRH:0
end_of_record
TN:
SF:express\lib\request.js
FN:65,header
FN:132,(anonymous_1)
FN:145,(anonymous_2)
FN:162,(anonymous_3)
FN:179,(anonymous_4)
FN:212,range
FN:235,param
FN:278,is
FN:306,protocol
FN:335,secure
FN:349,ip
FN:366,ips
FN:392,subdomains
FN:412,path
FN:427,hostname
FN:454,host
FN:467,(anonymous_16)
FN:495,stale
FN:506,xhr
FN:519,defineGetter
FNF:20
FNH:1
FNDA:0,header
FNDA:0,(anonymous_1)
FNDA:0,(anonymous_2)
FNDA:0,(anonymous_3)
FNDA:0,(anonymous_4)
FNDA:0,range
FNDA:0,param
FNDA:0,is
FNDA:0,protocol
FNDA:0,secure
FNDA:0,ip
FNDA:0,ips
FNDA:0,subdomains
FNDA:0,path
FNDA:0,hostname
FNDA:0,host
FNDA:0,(anonymous_16)
FNDA:0,stale
FNDA:0,xhr
FNDA:55,defineGetter
DA:16,5
DA:17,5
DA:18,5
DA:19,5
DA:20,5
DA:21,5
DA:22,5
DA:23,5
DA:24,5
DA:31,5
DA:38,5
DA:64,5
DA:66,0
DA:67,0
DA:70,0
DA:71,0
DA:74,0
DA:76,0
DA:79,0
DA:82,0
DA:132,5
DA:133,0
DA:134,0
DA:145,5
DA:146,0
DA:147,0
DA:150,5
DA:162,5
DA:163,0
DA:164,0
DA:167,5
DA:179,5
DA:180,0
DA:181,0
DA:184,5
DA:212,5
DA:213,0
DA:214,0
DA:215,0
DA:235,5
DA:236,0
DA:237,0
DA:238,0
DA:240,0
DA:243,0
DA:245,0
DA:246,0
DA:247,0
DA:249,0
DA:278,5
DA:279,0
DA:282,0
DA:283,0
DA:284,0
DA:285,0
DA:289,0
DA:306,5
DA:307,0
DA:310,0
DA:312,0
DA:313,0
DA:318,0
DA:319,0
DA:321,0
DA:335,5
DA:336,0
DA:349,5
DA:350,0
DA:351,0
DA:366,5
DA:367,0
DA:368,0
DA:372,0
DA:374,0
DA:392,5
DA:393,0
DA:395,0
DA:397,0
DA:398,0
DA:402,0
DA:412,5
DA:413,0
DA:427,5
DA:428,0
DA:429,0
DA:431,0
DA:432,0
DA:433,0
DA:436,0
DA:439,0
DA:442,0
DA:445,0
DA:447,0
DA:454,5
DA:455,0
DA:467,5
DA:468,0
DA:469,0
DA:470,0
DA:473,0
DA:476,0
DA:477,0
DA:483,0
DA:495,5
DA:496,0
DA:506,5
DA:507,0
DA:508,0
DA:520,55
LF:109
LH:34
BRDA:66,0,0,0
BRDA:66,0,1,0
BRDA:70,1,0,0
BRDA:70,1,1,0
BRDA:76,2,0,0
BRDA:76,2,1,0
BRDA:76,2,2,0
BRDA:79,3,0,0
BRDA:79,3,1,0
BRDA:214,4,0,0
BRDA:214,4,1,0
BRDA:236,5,0,0
BRDA:236,5,1,0
BRDA:237,6,0,0
BRDA:237,6,1,0
BRDA:238,7,0,0
BRDA:238,7,1,0
BRDA:240,8,0,0
BRDA:240,8,1,0
BRDA:245,9,0,0
BRDA:245,9,1,0
BRDA:245,10,0,0
BRDA:245,10,1,0
BRDA:246,11,0,0
BRDA:246,11,1,0
BRDA:247,12,0,0
BRDA:247,12,1,0
BRDA:282,13,0,0
BRDA:282,13,1,0
BRDA:307,14,0,0
BRDA:307,14,1,0
BRDA:312,15,0,0
BRDA:312,15,1,0
BRDA:318,16,0,0
BRDA:318,16,1,0
BRDA:321,17,0,0
BRDA:321,17,1,0
BRDA:395,18,0,0
BRDA:395,18,1,0
BRDA:398,19,0,0
BRDA:398,19,1,0
BRDA:431,20,0,0
BRDA:431,20,1,0
BRDA:431,21,0,0
BRDA:431,21,1,0
BRDA:433,22,0,0
BRDA:433,22,1,0
BRDA:439,23,0,0
BRDA:439,23,1,0
BRDA:442,24,0,0
BRDA:442,24,1,0
BRDA:447,25,0,0
BRDA:447,25,1,0
BRDA:473,26,0,0
BRDA:473,26,1,0
BRDA:473,27,0,0
BRDA:473,27,1,0
BRDA:476,28,0,0
BRDA:476,28,1,0
BRDA:476,29,0,0
BRDA:476,29,1,0
BRDA:476,29,2,0
BRDA:507,30,0,0
BRDA:507,30,1,0
BRF:64
BRH:0
end_of_record
TN:
SF:express\lib\response.js
FN:66,status
FN:86,(anonymous_1)
FN:89,(anonymous_2)
FN:107,send
FN:239,json
FN:282,jsonp
FN:353,sendStatus
FN:403,sendFile
FN:433,(anonymous_8)
FN:485,(anonymous_9)
FN:502,(anonymous_10)
FN:534,download
FN:594,contentType
FN:659,(anonymous_13)
FN:681,(anonymous_14)
FN:696,attachment
FN:721,append
FN:754,header
FN:788,(anonymous_18)
FN:801,clearCookie
FN:831,(anonymous_20)
FN:879,location
FN:909,redirect
FN:930,(anonymous_23)
FN:934,(anonymous_24)
FN:939,(anonymous_25)
FN:964,(anonymous_26)
FN:989,render
FN:1006,(anonymous_28)
FN:1016,sendfile
FN:1021,onaborted
FN:1031,ondirectory
FN:1041,onerror
FN:1048,onend
FN:1055,onfile
FN:1060,onfinish
FN:1065,(anonymous_36)
FN:1078,onstream
FN:1091,headers
FN:1118,stringify
FN:1126,(anonymous_40)
FNF:41
FNH:0
FNDA:0,status
FNDA:0,(anonymous_1)
FNDA:0,(anonymous_2)
FNDA:0,send
FNDA:0,json
FNDA:0,jsonp
FNDA:0,sendStatus
FNDA:0,sendFile
FNDA:0,(anonymous_8)
FNDA:0,(anonymous_9)
FNDA:0,(anonymous_10)
FNDA:0,download
FNDA:0,contentType
FNDA:0,(anonymous_13)
FNDA:0,(anonymous_14)
FNDA:0,attachment
FNDA:0,append
FNDA:0,header
FNDA:0,(anonymous_18)
FNDA:0,clearCookie
FNDA:0,(anonymous_20)
FNDA:0,location
FNDA:0,redirect
FNDA:0,(anonymous_23)
FNDA:0,(anonymous_24)
FNDA:0,(anonymous_25)
FNDA:0,(anonymous_26)
FNDA:0,render
FNDA:0,(anonymous_28)
FNDA:0,sendfile
FNDA:0,onaborted
FNDA:0,ondirectory
FNDA:0,onerror
FNDA:0,onend
FNDA:0,onfile
FNDA:0,onfinish
FNDA:0,(anonymous_36)
FNDA:0,onstream
FNDA:0,headers
FNDA:0,stringify
FNDA:0,(anonymous_40)
DA:15,5
DA:16,5
DA:17,5
DA:18,5
DA:19,5
DA:20,5
DA:21,5
DA:22,5
DA:23,5
DA:24,5
DA:25,5
DA:26,5
DA:27,5
DA:28,5
DA:29,5
DA:30,5
DA:31,5
DA:32,5
DA:33,5
DA:34,5
DA:35,5
DA:42,5
DA:49,5
DA:56,5
DA:66,5
DA:67,0
DA:68,0
DA:86,5
DA:87,0
DA:88,0
DA:89,0
DA:90,0
DA:107,5
DA:108,0
DA:110,0
DA:114,0
DA:117,0
DA:119,0
DA:120,0
DA:121,0
DA:123,0
DA:124,0
DA:125,0
DA:130,0
DA:132,0
DA:133,0
DA:136,0
DA:137,0
DA:138,0
DA:141,0
DA:144,0
DA:145,0
DA:147,0
DA:151,0
DA:152,0
DA:153,0
DA:154,0
DA:155,0
DA:158,0
DA:160,0
DA:164,0
DA:165,0
DA:166,0
DA:169,0
DA:170,0
DA:175,0
DA:176,0
DA:180,0
DA:181,0
DA:183,0
DA:184,0
DA:186,0
DA:189,0
DA:190,0
DA:191,0
DA:194,0
DA:199,0
DA:200,0
DA:201,0
DA:206,0
DA:209,0
DA:210,0
DA:211,0
DA:212,0
DA:213,0
DA:216,0
DA:218,0
DA:221,0
DA:224,0
DA:239,5
DA:240,0
DA:243,0
DA:245,0
DA:246,0
DA:247,0
DA:249,0
DA:250,0
DA:251,0
DA:256,0
DA:257,0
DA:258,0
DA:259,0
DA:260,0
DA:263,0
DA:264,0
DA:267,0
DA:282,5
DA:283,0
DA:286,0
DA:288,0
DA:289,0
DA:290,0
DA:292,0
DA:293,0
DA:294,0
DA:299,0
DA:300,0
DA:301,0
DA:302,0
DA:303,0
DA:304,0
DA:307,0
DA:308,0
DA:309,0
DA:313,0
DA:314,0
DA:318,0
DA:319,0
DA:320,0
DA:323,0
DA:326,0
DA:332,0
DA:335,0
DA:353,5
DA:354,0
DA:356,0
DA:357,0
DA:359,0
DA:403,5
DA:404,0
DA:405,0
DA:406,0
DA:407,0
DA:408,0
DA:410,0
DA:411,0
DA:414,0
DA:415,0
DA:419,0
DA:420,0
DA:421,0
DA:424,0
DA:425,0
DA:429,0
DA:430,0
DA:433,0
DA:434,0
DA:435,0
DA:438,0
DA:439,0
DA:485,5
DA:486,0
DA:487,0
DA:488,0
DA:489,0
DA:490,0
DA:493,0
DA:494,0
DA:495,0
DA:499,0
DA:502,0
DA:503,0
DA:504,0
DA:507,0
DA:508,0
DA:513,5
DA:534,5
DA:535,0
DA:536,0
DA:537,0
DA:540,0
DA:541,0
DA:542,0
DA:543,0
DA:544,0
DA:545,0
DA:546,0
DA:550,0
DA:555,0
DA:556,0
DA:557,0
DA:558,0
DA:559,0
DA:560,0
DA:566,0
DA:567,0
DA:570,0
DA:573,0
DA:593,5
DA:595,0
DA:599,0
DA:659,5
DA:660,0
DA:661,0
DA:663,0
DA:664,0
DA:665,0
DA:667,0
DA:671,0
DA:673,0
DA:674,0
DA:675,0
DA:676,0
DA:677,0
DA:679,0
DA:680,0
DA:681,0
DA:682,0
DA:685,0
DA:696,5
DA:697,0
DA:698,0
DA:701,0
DA:703,0
DA:721,5
DA:722,0
DA:723,0
DA:725,0
DA:727,0
DA:732,0
DA:753,5
DA:755,0
DA:756,0
DA:761,0
DA:762,0
DA:763,0
DA:765,0
DA:766,0
DA:767,0
DA:771,0
DA:773,0
DA:774,0
DA:777,0
DA:788,5
DA:789,0
DA:801,5
DA:802,0
DA:804,0
DA:831,5
DA:832,0
DA:833,0
DA:834,0
DA:836,0
DA:837,0
DA:840,0
DA:844,0
DA:845,0
DA:848,0
DA:849,0
DA:850,0
DA:853,0
DA:854,0
DA:857,0
DA:859,0
DA:879,5
DA:880,0
DA:883,0
DA:884,0
DA:888,0
DA:909,5
DA:910,0
DA:912,0
DA:915,0
DA:916,0
DA:917,0
DA:918,0
DA:920,0
DA:921,0
DA:926,0
DA:929,0
DA:931,0
DA:935,0
DA:936,0
DA:940,0
DA:945,0
DA:946,0
DA:948,0
DA:949,0
DA:951,0
DA:964,5
DA:966,0
DA:967,0
DA:968,0
DA:971,0
DA:973,0
DA:989,5
DA:990,0
DA:991,0
DA:992,0
DA:993,0
DA:994,0
DA:997,0
DA:998,0
DA:999,0
DA:1003,0
DA:1006,0
DA:1007,0
DA:1008,0
DA:1012,0
DA:1017,0
DA:1022,0
DA:1023,0
DA:1025,0
DA:1026,0
DA:1027,0
DA:1032,0
DA:1033,0
DA:1035,0
DA:1036,0
DA:1037,0
DA:1042,0
DA:1043,0
DA:1044,0
DA:1049,0
DA:1050,0
DA:1051,0
DA:1056,0
DA:1061,0
DA:1062,0
DA:1063,0
DA:1065,0
DA:1066,0
DA:1067,0
DA:1068,0
DA:1071,0
DA:1072,0
DA:1073,0
DA:1079,0
DA:1082,0
DA:1083,0
DA:1084,0
DA:1085,0
DA:1086,0
DA:1087,0
DA:1089,0
DA:1091,0
DA:1092,0
DA:1093,0
DA:1095,0
DA:1096,0
DA:1097,0
DA:1103,0
DA:1121,0
DA:1125,0
DA:1126,0
DA:1127,0
DA:1129,0
DA:1131,0
DA:1133,0
DA:1141,0
LF:360
LH:46
BRDA:87,0,0,0
BRDA:87,0,1,0
BRDA:88,1,0,0
BRDA:88,1,1,0
BRDA:117,2,0,0
BRDA:117,2,1,0
BRDA:119,3,0,0
BRDA:119,3,1,0
BRDA:119,4,0,0
BRDA:119,4,1,0
BRDA:130,5,0,0
BRDA:130,5,1,0
BRDA:130,6,0,0
BRDA:130,6,1,0
BRDA:132,7,0,0
BRDA:132,7,1,0
BRDA:141,8,0,0
BRDA:141,8,1,0
BRDA:141,8,2,0
BRDA:141,8,3,0
BRDA:144,9,0,0
BRDA:144,9,1,0
BRDA:151,10,0,0
BRDA:151,10,1,0
BRDA:153,11,0,0
BRDA:153,11,1,0
BRDA:154,12,0,0
BRDA:154,12,1,0
BRDA:164,13,0,0
BRDA:164,13,1,0
BRDA:169,14,0,0
BRDA:169,14,1,0
BRDA:176,15,0,0
BRDA:176,15,1,0
BRDA:180,16,0,0
BRDA:180,16,1,0
BRDA:181,17,0,0
BRDA:181,17,1,0
BRDA:184,18,0,0
BRDA:184,18,1,0
BRDA:184,19,0,0
BRDA:184,19,1,0
BRDA:199,20,0,0
BRDA:199,20,1,0
BRDA:199,21,0,0
BRDA:199,21,1,0
BRDA:200,22,0,0
BRDA:200,22,1,0
BRDA:206,23,0,0
BRDA:206,23,1,0
BRDA:209,24,0,0
BRDA:209,24,1,0
BRDA:209,25,0,0
BRDA:209,25,1,0
BRDA:216,26,0,0
BRDA:216,26,1,0
BRDA:243,27,0,0
BRDA:243,27,1,0
BRDA:245,28,0,0
BRDA:245,28,1,0
BRDA:263,29,0,0
BRDA:263,29,1,0
BRDA:286,30,0,0
BRDA:286,30,1,0
BRDA:288,31,0,0
BRDA:288,31,1,0
BRDA:307,32,0,0
BRDA:307,32,1,0
BRDA:313,33,0,0
BRDA:313,33,1,0
BRDA:318,34,0,0
BRDA:318,34,1,0
BRDA:318,35,0,0
BRDA:318,35,1,0
BRDA:354,36,0,0
BRDA:354,36,1,0
BRDA:408,37,0,0
BRDA:408,37,1,0
BRDA:410,38,0,0
BRDA:410,38,1,0
BRDA:414,39,0,0
BRDA:414,39,1,0
BRDA:419,40,0,0
BRDA:419,40,1,0
BRDA:424,41,0,0
BRDA:424,41,1,0
BRDA:424,42,0,0
BRDA:424,42,1,0
BRDA:434,43,0,0
BRDA:434,43,1,0
BRDA:435,44,0,0
BRDA:435,44,1,0
BRDA:435,45,0,0
BRDA:435,45,1,0
BRDA:438,46,0,0
BRDA:438,46,1,0
BRDA:438,47,0,0
BRDA:438,47,1,0
BRDA:438,47,2,0
BRDA:490,48,0,0
BRDA:490,48,1,0
BRDA:493,49,0,0
BRDA:493,49,1,0
BRDA:503,50,0,0
BRDA:503,50,1,0
BRDA:504,51,0,0
BRDA:504,51,1,0
BRDA:504,52,0,0
BRDA:504,52,1,0
BRDA:507,53,0,0
BRDA:507,53,1,0
BRDA:507,54,0,0
BRDA:507,54,1,0
BRDA:507,54,2,0
BRDA:537,55,0,0
BRDA:537,55,1,0
BRDA:540,56,0,0
BRDA:540,56,1,0
BRDA:544,57,0,0
BRDA:544,57,1,0
BRDA:551,58,0,0
BRDA:551,58,1,0
BRDA:555,59,0,0
BRDA:555,59,1,0
BRDA:555,60,0,0
BRDA:555,60,1,0
BRDA:559,61,0,0
BRDA:559,61,1,0
BRDA:595,62,0,0
BRDA:595,62,1,0
BRDA:664,63,0,0
BRDA:664,63,1,0
BRDA:667,64,0,0
BRDA:667,64,1,0
BRDA:673,65,0,0
BRDA:673,65,1,0
BRDA:676,66,0,0
BRDA:676,66,1,0
BRDA:697,67,0,0
BRDA:697,67,1,0
BRDA:725,68,0,0
BRDA:725,68,1,0
BRDA:727,69,0,0
BRDA:727,69,1,0
BRDA:728,70,0,0
BRDA:728,70,1,0
BRDA:755,71,0,0
BRDA:755,71,1,0
BRDA:756,72,0,0
BRDA:756,72,1,0
BRDA:761,73,0,0
BRDA:761,73,1,0
BRDA:762,74,0,0
BRDA:762,74,1,0
BRDA:765,75,0,0
BRDA:765,75,1,0
BRDA:767,76,0,0
BRDA:767,76,1,0
BRDA:836,77,0,0
BRDA:836,77,1,0
BRDA:836,78,0,0
BRDA:836,78,1,0
BRDA:840,79,0,0
BRDA:840,79,1,0
BRDA:844,80,0,0
BRDA:844,80,1,0
BRDA:848,81,0,0
BRDA:848,81,1,0
BRDA:853,82,0,0
BRDA:853,82,1,0
BRDA:883,83,0,0
BRDA:883,83,1,0
BRDA:884,84,0,0
BRDA:884,84,1,0
BRDA:915,85,0,0
BRDA:915,85,1,0
BRDA:916,86,0,0
BRDA:916,86,1,0
BRDA:948,87,0,0
BRDA:948,87,1,0
BRDA:966,88,0,0
BRDA:966,88,1,0
BRDA:966,89,0,0
BRDA:966,89,1,0
BRDA:966,89,2,0
BRDA:992,90,0,0
BRDA:992,90,1,0
BRDA:997,91,0,0
BRDA:997,91,1,0
BRDA:1006,92,0,0
BRDA:1006,92,1,0
BRDA:1007,93,0,0
BRDA:1007,93,1,0
BRDA:1022,94,0,0
BRDA:1022,94,1,0
BRDA:1032,95,0,0
BRDA:1032,95,1,0
BRDA:1042,96,0,0
BRDA:1042,96,1,0
BRDA:1049,97,0,0
BRDA:1049,97,1,0
BRDA:1061,98,0,0
BRDA:1061,98,1,0
BRDA:1061,99,0,0
BRDA:1061,99,1,0
BRDA:1062,100,0,0
BRDA:1062,100,1,0
BRDA:1063,101,0,0
BRDA:1063,101,1,0
BRDA:1066,102,0,0
BRDA:1066,102,1,0
BRDA:1066,103,0,0
BRDA:1066,103,1,0
BRDA:1071,104,0,0
BRDA:1071,104,1,0
BRDA:1089,105,0,0
BRDA:1089,105,1,0
BRDA:1121,106,0,0
BRDA:1121,106,1,0
BRDA:1121,107,0,0
BRDA:1121,107,1,0
BRDA:1125,108,0,0
BRDA:1125,108,1,0
BRDA:1127,109,0,0
BRDA:1127,109,1,0
BRDA:1127,109,2,0
BRF:226
BRH:0
end_of_record
TN:
SF:express\lib\utils.js
FN:56,(anonymous_0)
FN:81,(anonymous_1)
FN:95,(anonymous_2)
FN:127,acceptParams
FN:151,(anonymous_4)
FN:185,compileQueryParser
FN:220,(anonymous_6)
FN:225,(anonymous_7)
FN:230,(anonymous_8)
FN:250,setCharset
FN:274,createETagGenerator
FN:275,generateETag
FN:291,parseExtendedQueryString
FN:304,newObject
FNF:14
FNH:4
FNDA:0,(anonymous_0)
FNDA:0,(anonymous_1)
FNDA:0,(anonymous_2)
FNDA:0,acceptParams
FNDA:5,(anonymous_4)
FNDA:5,compileQueryParser
FNDA:5,(anonymous_6)
FNDA:0,(anonymous_7)
FNDA:0,(anonymous_8)
FNDA:0,setCharset
FNDA:10,createETagGenerator
FNDA:0,generateETag
FNDA:0,parseExtendedQueryString
FNDA:0,newObject
DA:15,5
DA:16,5
DA:17,5
DA:18,5
DA:19,5
DA:20,5
DA:21,5
DA:22,5
DA:23,5
DA:24,5
DA:35,5
DA:46,5
DA:56,5
DA:57,0
DA:58,0
DA:59,0
DA:70,5
DA:81,5
DA:82,0
DA:95,5
DA:96,0
DA:98,0
DA:99,0
DA:102,0
DA:114,5
DA:128,0
DA:129,0
DA:131,0
DA:132,0
DA:133,0
DA:134,0
DA:136,0
DA:140,0
DA:151,5
DA:154,5
DA:155,0
DA:158,5
DA:160,0
DA:161,0
DA:163,0
DA:165,0
DA:166,0
DA:168,5
DA:169,5
DA:171,0
DA:174,5
DA:185,5
DA:188,5
DA:189,0
DA:192,5
DA:194,0
DA:195,0
DA:197,0
DA:198,0
DA:200,5
DA:201,5
DA:203,0
DA:204,0
DA:206,0
DA:209,5
DA:220,5
DA:221,5
DA:223,5
DA:225,0
DA:228,5
DA:230,0
DA:233,5
DA:235,0
DA:238,5
DA:250,5
DA:251,0
DA:252,0
DA:256,0
DA:259,0
DA:262,0
DA:275,10
DA:276,0
DA:280,0
DA:292,0
DA:305,0
LF:80
LH:37
BRDA:57,0,0,0
BRDA:57,0,1,0
BRDA:58,1,0,0
BRDA:58,1,1,0
BRDA:58,2,0,0
BRDA:58,2,1,0
BRDA:58,2,2,0
BRDA:59,3,0,0
BRDA:59,3,1,0
BRDA:82,4,0,0
BRDA:82,4,1,0
BRDA:133,5,0,0
BRDA:133,5,1,0
BRDA:154,6,0,0
BRDA:154,6,1,5
BRDA:158,7,0,0
BRDA:158,7,1,0
BRDA:158,7,2,0
BRDA:158,7,3,5
BRDA:158,7,4,0
BRDA:188,8,0,0
BRDA:188,8,1,5
BRDA:192,9,0,0
BRDA:192,9,1,0
BRDA:192,9,2,5
BRDA:192,9,3,0
BRDA:192,9,4,0
BRDA:221,10,0,0
BRDA:221,10,1,5
BRDA:223,11,0,0
BRDA:223,11,1,5
BRDA:228,12,0,0
BRDA:228,12,1,5
BRDA:233,13,0,0
BRDA:233,13,1,5
BRDA:238,14,0,5
BRDA:238,14,1,5
BRDA:251,15,0,0
BRDA:251,15,1,0
BRDA:251,16,0,0
BRDA:251,16,1,0
BRDA:276,17,0,0
BRDA:276,17,1,0
BRF:43
BRH:10
end_of_record
TN:
SF:express\lib\view.js
FN:52,View
FN:110,lookup
FN:140,render
FN:162,resolve
FN:190,tryStat
FNF:5
FNH:0
FNDA:0,View
FNDA:0,lookup
FNDA:0,render
FNDA:0,resolve
FNDA:0,tryStat
DA:16,5
DA:17,5
DA:18,5
DA:25,5
DA:26,5
DA:27,5
DA:28,5
DA:29,5
DA:36,5
DA:53,0
DA:55,0
DA:56,0
DA:57,0
DA:58,0
DA:59,0
DA:61,0
DA:62,0
DA:63,0
DA:66,0
DA:67,0
DA:70,0
DA:72,0
DA:74,0
DA:78,0
DA:81,0
DA:83,0
DA:84,0
DA:87,0
DA:89,0
DA:90,0
DA:93,0
DA:97,0
DA:100,0
DA:110,5
DA:112,0
DA:114,0
DA:116,0
DA:117,0
DA:120,0
DA:121,0
DA:122,0
DA:125,0
DA:128,0
DA:138,5
DA:139,5
DA:140,5
DA:141,0
DA:143,0
DA:144,0
DA:146,0
DA:147,0
DA:148,0
DA:149,0
DA:150,0
DA:151,0
DA:162,5
DA:164,0
DA:166,0
DA:167,0
DA:169,0
DA:170,0
DA:174,0
DA:175,0
DA:177,0
DA:178,0
DA:191,0
DA:193,0
DA:194,0
DA:196,0
LF:69
LH:14
BRDA:53,0,0,0
BRDA:53,0,1,0
BRDA:66,1,0,0
BRDA:66,1,1,0
BRDA:66,2,0,0
BRDA:66,2,1,0
BRDA:72,3,0,0
BRDA:72,3,1,0
BRDA:74,4,0,0
BRDA:74,4,1,0
BRDA:81,5,0,0
BRDA:81,5,1,0
BRDA:89,6,0,0
BRDA:89,6,1,0
BRDA:116,7,0,0
BRDA:116,7,1,0
BRDA:143,8,0,0
BRDA:143,8,1,0
BRDA:169,9,0,0
BRDA:169,9,1,0
BRDA:169,10,0,0
BRDA:169,10,1,0
BRDA:177,11,0,0
BRDA:177,11,1,0
BRDA:177,12,0,0
BRDA:177,12,1,0
BRF:26
BRH:0
end_of_record
TN:
SF:express\lib\middleware\init.js
FN:28,(anonymous_0)
FN:29,expressInit
FNF:2
FNH:1
FNDA:5,(anonymous_0)
FNDA:0,expressInit
DA:16,5
DA:28,5
DA:29,5
DA:30,0
DA:31,0
DA:32,0
DA:33,0
DA:35,0
DA:36,0
DA:38,0
DA:40,0
LF:11
LH:3
BRDA:30,0,0,0
BRDA:30,0,1,0
BRDA:38,1,0,0
BRDA:38,1,1,0
BRF:4
BRH:0
end_of_record
TN:
SF:express\lib\middleware\query.js
FN:25,query
FN:39,query
FNF:2
FNH:1
FNDA:5,query
FNDA:0,query
DA:15,5
DA:16,5
DA:17,5
DA:25,5
DA:26,5
DA:27,5
DA:29,5
DA:30,5
DA:31,5
DA:34,5
DA:36,0
DA:39,5
DA:40,0
DA:41,0
DA:42,0
DA:45,0
LF:16
LH:11
BRDA:29,0,0,5
BRDA:29,0,1,0
BRDA:34,1,0,0
BRDA:34,1,1,5
BRDA:34,2,0,5
BRDA:34,2,1,0
BRDA:40,3,0,0
BRDA:40,3,1,0
BRF:8
BRH:3
end_of_record
TN:
SF:express\lib\router\index.js
FN:43,(anonymous_0)
FN:46,router
FN:97,param
FN:136,handle
FN:164,(anonymous_4)
FN:176,next
FN:275,(anonymous_6)
FN:288,trim_prefix
FN:327,process_params
FN:348,param
FN:388,paramCallback
FN:428,use
FN:491,route
FN:507,(anonymous_13)
FN:508,(anonymous_14)
FN:516,appendMethods
FN:526,getPathname
FN:535,getProtohost
FN:552,gettype
FN:572,matchLayer
FN:581,mergeParams
FN:620,restore
FN:629,(anonymous_22)
FN:640,sendOptionsResponse
FN:651,wrap
FN:652,proxy
FNF:26
FNH:5
FNDA:10,(anonymous_0)
FNDA:0,router
FNDA:0,param
FNDA:0,handle
FNDA:0,(anonymous_4)
FNDA:0,next
FNDA:0,(anonymous_6)
FNDA:0,trim_prefix
FNDA:0,process_params
FNDA:0,param
FNDA:0,paramCallback
FNDA:20,use
FNDA:5,route
FNDA:175,(anonymous_13)
FNDA:5,(anonymous_14)
FNDA:0,appendMethods
FNDA:0,getPathname
FNDA:0,getProtohost
FNDA:0,gettype
FNDA:0,matchLayer
FNDA:0,mergeParams
FNDA:0,restore
FNDA:0,(anonymous_22)
FNDA:0,sendOptionsResponse
FNDA:0,wrap
FNDA:0,proxy
DA:16,5
DA:17,5
DA:18,5
DA:19,5
DA:20,5
DA:21,5
DA:22,5
DA:23,5
DA:24,5
DA:31,5
DA:32,5
DA:33,5
DA:43,5
DA:44,10
DA:47,0
DA:51,10
DA:53,10
DA:54,10
DA:55,10
DA:56,10
DA:57,10
DA:58,10
DA:60,10
DA:97,5
DA:99,0
DA:100,0
DA:101,0
DA:102,0
DA:106,0
DA:107,0
DA:110,0
DA:111,0
DA:112,0
DA:115,0
DA:116,0
DA:117,0
DA:123,0
DA:124,0
DA:127,0
DA:128,0
DA:136,5
DA:137,0
DA:139,0
DA:141,0
DA:142,0
DA:143,0
DA:144,0
DA:145,0
DA:149,0
DA:152,0
DA:155,0
DA:156,0
DA:157,0
DA:160,0
DA:163,0
DA:164,0
DA:165,0
DA:166,0
DA:171,0
DA:172,0
DA:174,0
DA:177,0
DA:182,0
DA:183,0
DA:184,0
DA:188,0
DA:189,0
DA:190,0
DA:191,0
DA:195,0
DA:196,0
DA:197,0
DA:201,0
DA:202,0
DA:203,0
DA:207,0
DA:209,0
DA:210,0
DA:218,0
DA:219,0
DA:220,0
DA:221,0
DA:223,0
DA:225,0
DA:228,0
DA:229,0
DA:232,0
DA:234,0
DA:237,0
DA:239,0
DA:240,0
DA:243,0
DA:244,0
DA:247,0
DA:248,0
DA:252,0
DA:253,0
DA:254,0
DA:259,0
DA:260,0
DA:264,0
DA:265,0
DA:269,0
DA:272,0
DA:275,0
DA:276,0
DA:277,0
DA:280,0
DA:281,0
DA:284,0
DA:289,0
DA:291,0
DA:292,0
DA:296,0
DA:297,0
DA:298,0
DA:301,0
DA:302,0
DA:303,0
DA:307,0
DA:312,0
DA:314,0
DA:315,0
DA:317,0
DA:327,5
DA:328,0
DA:331,0
DA:334,0
DA:335,0
DA:338,0
DA:340,0
DA:349,0
DA:350,0
DA:353,0
DA:354,0
DA:357,0
DA:358,0
DA:359,0
DA:360,0
DA:361,0
DA:362,0
DA:364,0
DA:365,0
DA:369,0
DA:372,0
DA:375,0
DA:378,0
DA:384,0
DA:389,0
DA:392,0
DA:394,0
DA:396,0
DA:397,0
DA:398,0
DA:401,0
DA:403,0
DA:404,0
DA:406,0
DA:410,0
DA:428,5
DA:429,20
DA:430,20
DA:434,20
DA:435,10
DA:437,10
DA:438,0
DA:442,10
DA:443,10
DA:444,10
DA:448,20
DA:450,20
DA:451,0
DA:454,20
DA:455,20
DA:457,20
DA:458,0
DA:462,20
DA:464,20
DA:470,20
DA:472,20
DA:475,20
DA:491,5
DA:492,5
DA:494,5
DA:500,5
DA:502,5
DA:503,5
DA:507,5
DA:508,175
DA:509,5
DA:510,5
DA:511,5
DA:517,0
DA:518,0
DA:519,0
DA:520,0
DA:527,0
DA:528,0
DA:530,0
DA:536,0
DA:537,0
DA:540,0
DA:541,0
DA:544,0
DA:546,0
DA:553,0
DA:555,0
DA:556,0
DA:560,0
DA:573,0
DA:574,0
DA:576,0
DA:582,0
DA:583,0
DA:587,0
DA:590,0
DA:591,0
DA:594,0
DA:595,0
DA:598,0
DA:599,0
DA:602,0
DA:603,0
DA:607,0
DA:608,0
DA:611,0
DA:612,0
DA:616,0
DA:621,0
DA:622,0
DA:624,0
DA:625,0
DA:626,0
DA:629,0
DA:631,0
DA:632,0
DA:635,0
DA:641,0
DA:642,0
DA:643,0
DA:644,0
DA:646,0
DA:652,0
DA:653,0
DA:655,0
DA:656,0
DA:657,0
DA:660,0
LF:248
LH:55
BRDA:44,0,0,10
BRDA:44,0,1,5
BRDA:99,1,0,0
BRDA:99,1,1,0
BRDA:110,2,0,0
BRDA:110,2,1,0
BRDA:116,3,0,0
BRDA:116,3,1,0
BRDA:123,4,0,0
BRDA:123,4,1,0
BRDA:127,5,0,0
BRDA:127,5,1,0
BRDA:142,6,0,0
BRDA:142,6,1,0
BRDA:156,7,0,0
BRDA:156,7,1,0
BRDA:163,8,0,0
BRDA:163,8,1,0
BRDA:165,9,0,0
BRDA:165,9,1,0
BRDA:165,10,0,0
BRDA:165,10,1,0
BRDA:172,11,0,0
BRDA:172,11,1,0
BRDA:177,12,0,0
BRDA:177,12,1,0
BRDA:182,13,0,0
BRDA:182,13,1,0
BRDA:188,14,0,0
BRDA:188,14,1,0
BRDA:195,15,0,0
BRDA:195,15,1,0
BRDA:201,16,0,0
BRDA:201,16,1,0
BRDA:209,17,0,0
BRDA:209,17,1,0
BRDA:218,18,0,0
BRDA:218,18,1,0
BRDA:223,19,0,0
BRDA:223,19,1,0
BRDA:225,20,0,0
BRDA:225,20,1,0
BRDA:228,21,0,0
BRDA:228,21,1,0
BRDA:232,22,0,0
BRDA:232,22,1,0
BRDA:237,23,0,0
BRDA:237,23,1,0
BRDA:247,24,0,0
BRDA:247,24,1,0
BRDA:247,25,0,0
BRDA:247,25,1,0
BRDA:252,26,0,0
BRDA:252,26,1,0
BRDA:252,27,0,0
BRDA:252,27,1,0
BRDA:259,28,0,0
BRDA:259,28,1,0
BRDA:264,29,0,0
BRDA:264,29,1,0
BRDA:269,30,0,0
BRDA:269,30,1,0
BRDA:276,31,0,0
BRDA:276,31,1,0
BRDA:277,32,0,0
BRDA:277,32,1,0
BRDA:280,33,0,0
BRDA:280,33,1,0
BRDA:289,34,0,0
BRDA:289,34,1,0
BRDA:292,35,0,0
BRDA:292,35,1,0
BRDA:292,36,0,0
BRDA:292,36,1,0
BRDA:292,36,2,0
BRDA:301,37,0,0
BRDA:301,37,1,0
BRDA:301,38,0,0
BRDA:301,38,1,0
BRDA:307,39,0,0
BRDA:307,39,1,0
BRDA:314,40,0,0
BRDA:314,40,1,0
BRDA:334,41,0,0
BRDA:334,41,1,0
BRDA:334,42,0,0
BRDA:334,42,1,0
BRDA:349,43,0,0
BRDA:349,43,1,0
BRDA:353,44,0,0
BRDA:353,44,1,0
BRDA:364,45,0,0
BRDA:364,45,1,0
BRDA:364,46,0,0
BRDA:364,46,1,0
BRDA:369,47,0,0
BRDA:369,47,1,0
BRDA:369,48,0,0
BRDA:369,48,1,0
BRDA:369,48,2,0
BRDA:369,48,3,0
BRDA:394,49,0,0
BRDA:394,49,1,0
BRDA:401,50,0,0
BRDA:401,50,1,0
BRDA:434,51,0,10
BRDA:434,51,1,10
BRDA:437,52,0,10
BRDA:437,52,1,0
BRDA:442,53,0,10
BRDA:442,53,1,0
BRDA:450,54,0,0
BRDA:450,54,1,20
BRDA:457,55,0,0
BRDA:457,55,1,20
BRDA:462,56,0,20
BRDA:462,56,1,0
BRDA:519,57,0,0
BRDA:519,57,1,0
BRDA:536,58,0,0
BRDA:536,58,1,0
BRDA:536,59,0,0
BRDA:536,59,1,0
BRDA:536,59,2,0
BRDA:541,60,0,0
BRDA:541,60,1,0
BRDA:546,61,0,0
BRDA:546,61,1,0
BRDA:555,62,0,0
BRDA:555,62,1,0
BRDA:582,63,0,0
BRDA:582,63,1,0
BRDA:582,64,0,0
BRDA:582,64,1,0
BRDA:590,65,0,0
BRDA:590,65,1,0
BRDA:590,66,0,0
BRDA:590,66,1,0
BRDA:611,67,0,0
BRDA:611,67,1,0
BRF:140
BRH:9
end_of_record
TN:
SF:express\lib\router\layer.js
FN:33,Layer
FN:62,handle_error
FN:86,handle
FN:110,match
FN:166,decode_param
FNF:5
FNH:1
FNDA:35,Layer
FNDA:0,handle_error
FNDA:0,handle
FNDA:0,match
FNDA:0,decode_param
DA:16,5
DA:17,5
DA:24,5
DA:31,5
DA:34,35
DA:35,5
DA:38,30
DA:39,30
DA:41,30
DA:42,30
DA:43,30
DA:44,30
DA:45,30
DA:48,30
DA:49,30
DA:62,5
DA:63,0
DA:65,0
DA:67,0
DA:70,0
DA:71,0
DA:73,0
DA:86,5
DA:87,0
DA:89,0
DA:91,0
DA:94,0
DA:95,0
DA:97,0
DA:110,5
DA:113,0
DA:115,0
DA:116,0
DA:117,0
DA:118,0
DA:122,0
DA:123,0
DA:124,0
DA:125,0
DA:129,0
DA:132,0
DA:133,0
DA:134,0
DA:135,0
DA:139,0
DA:140,0
DA:142,0
DA:143,0
DA:145,0
DA:146,0
DA:147,0
DA:148,0
DA:150,0
DA:151,0
DA:155,0
DA:167,0
DA:168,0
DA:171,0
DA:172,0
DA:174,0
DA:175,0
DA:176,0
DA:179,0
LF:63
LH:18
BRDA:34,0,0,5
BRDA:34,0,1,30
BRDA:39,1,0,30
BRDA:39,1,1,0
BRDA:42,2,0,30
BRDA:42,2,1,5
BRDA:49,3,0,30
BRDA:49,3,1,25
BRDA:65,4,0,0
BRDA:65,4,1,0
BRDA:89,5,0,0
BRDA:89,5,1,0
BRDA:113,6,0,0
BRDA:113,6,1,0
BRDA:115,7,0,0
BRDA:115,7,1,0
BRDA:122,8,0,0
BRDA:122,8,1,0
BRDA:132,9,0,0
BRDA:132,9,1,0
BRDA:150,10,0,0
BRDA:150,10,1,0
BRDA:150,11,0,0
BRDA:150,11,1,0
BRDA:167,12,0,0
BRDA:167,12,1,0
BRDA:167,13,0,0
BRDA:167,13,1,0
BRDA:174,14,0,0
BRDA:174,14,1,0
BRF:30
BRH:7
end_of_record
TN:
SF:express\lib\router\route.js
FN:43,Route
FN:58,_handles_method
FN:77,_options
FN:98,dispatch
FN:114,next
FN:170,all
FN:192,(anonymous_6)
FN:193,(anonymous_7)
FNF:8
FNH:3
FNDA:5,Route
FNDA:0,_handles_method
FNDA:0,_options
FNDA:0,dispatch
FNDA:0,next
FNDA:0,all
FNDA:170,(anonymous_6)
FNDA:5,(anonymous_7)
DA:16,5
DA:17,5
DA:18,5
DA:19,5
DA:26,5
DA:27,5
DA:34,5
DA:44,5
DA:45,5
DA:47,5
DA:50,5
DA:58,5
DA:59,0
DA:60,0
DA:63,0
DA:65,0
DA:66,0
DA:69,0
DA:77,5
DA:78,0
DA:81,0
DA:82,0
DA:85,0
DA:87,0
DA:90,0
DA:98,5
DA:99,0
DA:100,0
DA:101,0
DA:102,0
DA:105,0
DA:106,0
DA:107,0
DA:110,0
DA:112,0
DA:116,0
DA:117,0
DA:121,0
DA:122,0
DA:125,0
DA:126,0
DA:127,0
DA:130,0
DA:131,0
DA:134,0
DA:135,0
DA:137,0
DA:170,5
DA:171,0
DA:173,0
DA:174,0
DA:176,0
DA:177,0
DA:178,0
DA:179,0
DA:182,0
DA:183,0
DA:185,0
DA:186,0
DA:189,0
DA:192,5
DA:193,170
DA:194,5
DA:196,5
DA:197,5
DA:199,5
DA:200,0
DA:201,0
DA:202,0
DA:205,5
DA:207,5
DA:208,5
DA:210,5
DA:211,5
DA:214,5
LF:75
LH:27
BRDA:59,0,0,0
BRDA:59,0,1,0
BRDA:65,1,0,0
BRDA:65,1,1,0
BRDA:65,2,0,0
BRDA:65,2,1,0
BRDA:81,3,0,0
BRDA:81,3,1,0
BRDA:81,4,0,0
BRDA:81,4,1,0
BRDA:101,5,0,0
BRDA:101,5,1,0
BRDA:106,6,0,0
BRDA:106,6,1,0
BRDA:106,7,0,0
BRDA:106,7,1,0
BRDA:116,8,0,0
BRDA:116,8,1,0
BRDA:116,9,0,0
BRDA:116,9,1,0
BRDA:121,10,0,0
BRDA:121,10,1,0
BRDA:121,11,0,0
BRDA:121,11,1,0
BRDA:126,12,0,0
BRDA:126,12,1,0
BRDA:130,13,0,0
BRDA:130,13,1,0
BRDA:130,14,0,0
BRDA:130,14,1,0
BRDA:134,15,0,0
BRDA:134,15,1,0
BRDA:176,16,0,0
BRDA:176,16,1,0
BRDA:199,17,0,0
BRDA:199,17,1,5
BRF:36
BRH:1
end_of_record
TN:
SF:src\Aggregator.js
FN:5,Aggregator
FN:12,(anonymous_1)
FN:21,(anonymous_2)
FN:24,(anonymous_3)
FN:27,(anonymous_4)
FN:30,(anonymous_5)
FN:33,(anonymous_6)
FN:40,enhanceEvent
FNF:8
FNH:2
FNDA:2,Aggregator
FNDA:0,(anonymous_1)
FNDA:0,(anonymous_2)
FNDA:0,(anonymous_3)
FNDA:0,(anonymous_4)
FNDA:16,(anonymous_5)
FNDA:0,(anonymous_6)
FNDA:0,enhanceEvent
DA:1,5
DA:2,5
DA:3,5
DA:4,5
DA:6,2
DA:7,2
DA:8,2
DA:9,2
DA:10,2
DA:11,2
DA:12,2
DA:13,0
DA:14,0
DA:15,0
DA:17,0
DA:20,5
DA:21,5
DA:22,0
DA:24,5
DA:25,0
DA:27,5
DA:28,0
DA:30,5
DA:31,16
DA:33,5
DA:34,0
DA:35,0
DA:36,0
DA:37,0
DA:41,0
DA:42,0
DA:43,0
DA:44,0
DA:45,0
DA:48,5
LF:35
LH:19
BRF:0
BRH:0
end_of_record
TN:
SF:src\commandHandlers.js
FN:4,(anonymous_0)
FN:8,(anonymous_1)
FN:12,(anonymous_2)
FN:13,(anonymous_3)
FN:27,(anonymous_4)
FN:33,(anonymous_5)
FN:41,(anonymous_6)
FN:51,(anonymous_7)
FNF:8
FNH:5
FNDA:5,(anonymous_0)
FNDA:5,(anonymous_1)
FNDA:86,(anonymous_2)
FNDA:2,(anonymous_3)
FNDA:0,(anonymous_4)
FNDA:0,(anonymous_5)
FNDA:3,(anonymous_6)
FNDA:0,(anonymous_7)
DA:1,5
DA:2,5
DA:4,5
DA:5,5
DA:6,5
DA:8,5
DA:9,5
DA:12,5
DA:13,86
DA:14,2
DA:15,0
DA:17,2
DA:18,0
DA:20,2
DA:21,1
DA:23,1
DA:24,1
DA:26,0
DA:27,0
DA:28,0
DA:29,0
DA:31,0
DA:33,0
DA:34,0
DA:40,86
DA:41,16
DA:42,3
DA:43,2
DA:45,1
DA:46,1
DA:49,0
DA:50,0
DA:51,0
DA:52,0
DA:57,5
DA:60,5
LF:36
LH:23
BRDA:14,0,0,0
BRDA:14,0,1,2
BRDA:17,1,0,0
BRDA:17,1,1,2
BRDA:20,2,0,1
BRDA:20,2,1,1
BRDA:23,3,0,1
BRDA:23,3,1,0
BRDA:26,4,0,0
BRDA:26,4,1,0
BRDA:28,5,0,0
BRDA:28,5,1,0
BRDA:40,6,0,16
BRDA:40,6,1,70
BRDA:42,7,0,2
BRDA:42,7,1,1
BRDA:45,8,0,1
BRDA:45,8,1,0
BRF:18
BRH:10
end_of_record
TN:
SF:src\entity.js
FN:7,Entity
FN:18,(anonymous_1)
FN:27,(anonymous_2)
FN:48,subscribeToEvent
FN:51,(anonymous_4)
FN:57,EntityDomain
FN:58,(anonymous_6)
FN:60,(anonymous_7)
FN:67,(anonymous_8)
FN:71,(anonymous_9)
FN:74,(anonymous_10)
FN:79,(anonymous_11)
FN:82,(anonymous_12)
FNF:13
FNH:5
FNDA:2,Entity
FNDA:9,(anonymous_1)
FNDA:6,(anonymous_2)
FNDA:2,subscribeToEvent
FNDA:0,(anonymous_4)
FNDA:5,EntityDomain
FNDA:0,(anonymous_6)
FNDA:0,(anonymous_7)
FNDA:0,(anonymous_8)
FNDA:0,(anonymous_9)
FNDA:0,(anonymous_10)
FNDA:0,(anonymous_11)
FNDA:0,(anonymous_12)
DA:2,5
DA:3,5
DA:4,5
DA:5,5
DA:6,5
DA:9,2
DA:10,2
DA:11,2
DA:12,2
DA:13,14
DA:14,14
DA:16,2
DA:17,2
DA:18,16
DA:19,9
DA:20,2
DA:21,8
DA:22,1
DA:26,8
DA:27,8
DA:28,6
DA:29,6
DA:32,2
DA:33,2
DA:34,2
DA:38,0
DA:42,2
DA:44,2
DA:46,5
DA:49,2
DA:50,2
DA:51,16
DA:52,0
DA:58,5
DA:59,0
DA:60,0
DA:61,0
DA:62,0
DA:64,0
DA:67,0
DA:68,0
DA:71,5
DA:72,0
DA:74,0
DA:75,0
DA:76,0
DA:78,0
DA:80,0
DA:83,0
DA:85,0
DA:90,5
DA:92,5
LF:52
LH:35
BRDA:19,0,0,2
BRDA:19,0,1,7
BRDA:21,1,0,1
BRDA:21,1,1,7
BRDA:21,2,0,8
BRDA:21,2,1,1
BRDA:28,3,0,6
BRDA:28,3,1,0
BRDA:32,4,0,2
BRDA:32,4,1,0
BRDA:32,5,0,2
BRDA:32,5,1,0
BRDA:33,6,0,2
BRDA:33,6,1,0
BRDA:33,7,0,2
BRDA:33,7,1,1
BRDA:34,8,0,2
BRDA:34,8,1,0
BRDA:34,9,0,2
BRDA:34,9,1,0
BRDA:61,10,0,0
BRDA:61,10,1,0
BRDA:75,11,0,0
BRDA:75,11,1,0
BRF:24
BRH:14
end_of_record
TN:
SF:src\eventStore.js
FN:5,(anonymous_0)
FN:10,(anonymous_1)
FN:13,(anonymous_2)
FN:26,(anonymous_3)
FN:28,(anonymous_4)
FN:34,(anonymous_5)
FN:38,(anonymous_6)
FN:39,(anonymous_7)
FN:58,(anonymous_8)
FN:60,(anonymous_9)
FN:63,(anonymous_10)
FN:73,findEventById
FNF:12
FNH:8
FNDA:5,(anonymous_0)
FNDA:0,(anonymous_1)
FNDA:10,(anonymous_2)
FNDA:4,(anonymous_3)
FNDA:4,(anonymous_4)
FNDA:1,(anonymous_5)
FNDA:1,(anonymous_6)
FNDA:1,(anonymous_7)
FNDA:0,(anonymous_8)
FNDA:0,(anonymous_9)
FNDA:0,(anonymous_10)
FNDA:4,findEventById
DA:3,5
DA:4,5
DA:5,5
DA:7,5
DA:8,5
DA:9,5
DA:10,5
DA:13,5
DA:14,10
DA:15,40
DA:16,0
DA:19,10
DA:20,10
DA:21,10
DA:22,10
DA:23,10
DA:26,5
DA:27,4
DA:29,4
DA:30,2
DA:31,1
DA:34,1
DA:35,1
DA:38,1
DA:39,1
DA:40,1
DA:41,1
DA:48,2
DA:53,2
DA:54,2
DA:58,5
DA:59,0
DA:61,0
DA:62,0
DA:63,0
DA:64,0
DA:66,0
DA:67,0
DA:69,0
DA:74,4
DA:75,4
DA:76,2
DA:78,2
DA:81,5
DA:84,5
LF:45
LH:36
BRDA:15,0,0,0
BRDA:15,0,1,40
BRDA:29,1,0,2
BRDA:29,1,1,2
BRDA:30,2,0,1
BRDA:30,2,1,1
BRDA:40,3,0,1
BRDA:40,3,1,0
BRDA:61,4,0,0
BRDA:61,4,1,0
BRDA:75,5,0,2
BRDA:75,5,1,2
BRF:12
BRH:8
end_of_record
TN:
SF:src\handlers.js
FN:4,ViewAggregator
FN:6,(anonymous_1)
FN:19,(anonymous_2)
FN:23,(anonymous_3)
FN:30,dummyEventHandler
FNF:5
FNH:2
FNDA:10,ViewAggregator
FNDA:10,(anonymous_1)
FNDA:0,(anonymous_2)
FNDA:0,(anonymous_3)
FNDA:0,dummyEventHandler
DA:1,5
DA:2,5
DA:5,10
DA:6,10
DA:7,10
DA:8,40
DA:9,0
DA:11,40
DA:12,0
DA:14,40
DA:18,5
DA:19,5
DA:20,0
DA:21,0
DA:23,0
DA:24,0
DA:25,0
DA:27,0
DA:31,0
DA:33,5
LF:20
LH:11
BRDA:8,0,0,0
BRDA:8,0,1,40
BRDA:11,1,0,0
BRDA:11,1,1,40
BRDA:21,2,0,0
BRDA:21,2,1,0
BRDA:24,3,0,0
BRDA:24,3,1,0
BRF:8
BRH:2
end_of_record
TN:
SF:src\messageBus.js
FN:1,(anonymous_0)
FN:4,(anonymous_1)
FN:5,(anonymous_2)
FN:9,(anonymous_3)
FN:10,(anonymous_4)
FNF:5
FNH:3
FNDA:5,(anonymous_0)
FNDA:10,(anonymous_1)
FNDA:20,(anonymous_2)
FNDA:0,(anonymous_3)
FNDA:0,(anonymous_4)
DA:1,5
DA:2,5
DA:3,5
DA:4,5
DA:5,10
DA:6,20
DA:9,5
DA:10,0
DA:11,0
DA:14,5
DA:16,5
LF:11
LH:9
BRF:0
BRH:0
end_of_record
TN:
SF:src\schema.js
FN:7,Schema
FNF:1
FNH:1
FNDA:30,Schema
DA:2,5
DA:4,5
DA:5,5
DA:8,30
DA:9,1
DA:11,29
DA:12,1
DA:14,28
DA:15,1
DA:17,27
DA:18,1
DA:20,26
DA:21,104
DA:22,1
DA:24,103
DA:25,1
DA:28,24
DA:29,1
DA:31,23
DA:32,1
DA:34,22
DA:35,108
DA:36,1
DA:39,21
DA:40,1
DA:43,20
DA:44,1
DA:47,19
DA:48,1
DA:51,18
DA:52,68
DA:53,1
DA:56,17
DA:61,1
DA:63,16
DA:64,2
DA:66,14
DA:67,2
DA:70,12
DA:71,23
DA:72,1
DA:76,11
DA:77,11
DA:78,11
DA:79,11
DA:80,11
DA:81,11
DA:82,11
DA:83,11
DA:84,57
DA:85,1
DA:87,56
DA:88,0
DA:90,56
DA:92,10
DA:98,10
DA:100,5
LF:57
LH:56
BRDA:8,0,0,1
BRDA:8,0,1,29
BRDA:11,1,0,1
BRDA:11,1,1,28
BRDA:14,2,0,1
BRDA:14,2,1,27
BRDA:17,3,0,1
BRDA:17,3,1,26
BRDA:21,4,0,1
BRDA:21,4,1,103
BRDA:24,5,0,1
BRDA:24,5,1,102
BRDA:28,6,0,1
BRDA:28,6,1,23
BRDA:31,7,0,1
BRDA:31,7,1,22
BRDA:35,8,0,1
BRDA:35,8,1,107
BRDA:39,9,0,1
BRDA:39,9,1,20
BRDA:43,10,0,1
BRDA:43,10,1,19
BRDA:47,11,0,1
BRDA:47,11,1,18
BRDA:52,12,0,1
BRDA:52,12,1,67
BRDA:56,13,0,1
BRDA:56,13,1,16
BRDA:56,14,0,17
BRDA:56,14,1,17
BRDA:56,14,2,17
BRDA:56,14,3,17
BRDA:63,15,0,2
BRDA:63,15,1,14
BRDA:66,16,0,2
BRDA:66,16,1,12
BRDA:71,17,0,1
BRDA:71,17,1,22
BRDA:84,18,0,1
BRDA:84,18,1,56
BRDA:87,19,0,0
BRDA:87,19,1,56
BRF:42
BRH:41
end_of_record
TN:
SF:src\types.js
FN:2,compareType
FNF:1
FNH:1
FNDA:8,compareType
DA:3,8
DA:4,1
DA:5,1
DA:7,0
DA:9,7
DA:10,1
DA:11,1
DA:13,0
DA:15,6
DA:16,1
DA:17,1
DA:19,0
DA:21,5
DA:22,0
DA:25,5
DA:26,3
DA:30,5
LF:17
LH:13
BRDA:3,0,0,1
BRDA:3,0,1,7
BRDA:4,1,0,1
BRDA:4,1,1,0
BRDA:9,2,0,1
BRDA:9,2,1,6
BRDA:10,3,0,1
BRDA:10,3,1,0
BRDA:10,4,0,1
BRDA:10,4,1,1
BRDA:15,5,0,1
BRDA:15,5,1,5
BRDA:16,6,0,1
BRDA:16,6,1,0
BRDA:21,7,0,0
BRDA:21,7,1,5
BRDA:25,8,0,3
BRDA:25,8,1,2
BRF:18
BRH:14
end_of_record
